#
# A fatal error has been detected by the Java Runtime Environment:
#
#  EXCEPTION_ACCESS_VIOLATION (0xc0000005) at pc=0x00007ffc5ac5885e, pid=988, tid=4436
#
# JRE version: OpenJDK Runtime Environment (11.0.10) (build 11.0.10+0-b96-7249189)
# Java VM: OpenJDK 64-Bit Server VM (11.0.10+0-b96-7249189, mixed mode, tiered, compressed oops, g1 gc, windows-amd64)
# Problematic frame:
# V  [jvm.dll+0x19885e]
#
# No core dump will be written. Minidumps are not enabled by default on client versions of Windows
#
# If you would like to submit a bug report, please visit:
#   https://bugreport.java.com/bugreport/crash.jsp
#

---------------  S U M M A R Y ------------

Command Line: --add-opens=java.base/java.util=ALL-UNNAMED --add-opens=java.base/java.lang=ALL-UNNAMED --add-opens=java.base/java.lang.invoke=ALL-UNNAMED --add-opens=java.base/java.util=ALL-UNNAMED --add-opens=java.prefs/java.util.prefs=ALL-UNNAMED --add-opens=java.prefs/java.util.prefs=ALL-UNNAMED --add-opens=java.base/java.nio.charset=ALL-UNNAMED --add-opens=java.base/java.net=ALL-UNNAMED --add-opens=java.base/java.util.concurrent.atomic=ALL-UNNAMED -Xmx2048m -Dfile.encoding=UTF-8 -Duser.country=NZ -Duser.language=en -Duser.variant org.gradle.launcher.daemon.bootstrap.GradleDaemon 7.0.2

Host: Intel(R) Core(TM) i7-6700HQ CPU @ 2.60GHz, 8 cores, 15G,  Windows 10 , 64 bit Build 17763 (10.0.17763.1)
Time: Mon Dec  6 18:09:16 2021 SE Asia Standard Time elapsed time: 12.763900 seconds (0d 0h 0m 12s)

---------------  T H R E A D  ---------------

Current thread (0x0000017402491000):  JavaThread "C2 CompilerThread2" daemon [_thread_in_native, id=4436, stack(0x0000001260a00000,0x0000001260b00000)]


Current CompileTask:
C2:  12764 7387       4       java.beans.MethodRef::set (58 bytes)

Stack: [0x0000001260a00000,0x0000001260b00000],  sp=0x0000001260afbe50,  free space=1007k
Native frames: (J=compiled Java code, j=interpreted, Vv=VM code, C=native code)
V  [jvm.dll+0x19885e]
V  [jvm.dll+0x197ebb]
V  [jvm.dll+0x1fb70e]
V  [jvm.dll+0x1fa7f4]
V  [jvm.dll+0x18354c]
V  [jvm.dll+0x208ee7]
V  [jvm.dll+0x207731]
V  [jvm.dll+0x6eb1cf]
V  [jvm.dll+0x6e3d45]
V  [jvm.dll+0x5ebe96]
C  [ucrtbase.dll+0x203ba]
C  [KERNEL32.DLL+0x17e94]
C  [ntdll.dll+0x67ad1]


siginfo: EXCEPTION_ACCESS_VIOLATION (0xc0000005), reading address 0x000001740bde1ad8


Register to memory mapping:

RIP=0x00007ffc5ac5885e jvm.dll
RAX=0x00000174095bf050 points into unknown readable memory: 0x0000000000000000 | 00 00 00 00 00 00 00 00
RBX=0x0000001260afc440 is pointing into the stack for thread: 0x0000017402491000
RCX=0x0000001260afbe70 is pointing into the stack for thread: 0x0000017402491000
RDX=0x0000000002822a60 is an unknown value
RSP=0x0000001260afbe50 is pointing into the stack for thread: 0x0000017402491000
RBP=0x00007ffc5aac0000 jvm.dll
RSI=0x0000001260afc528 is pointing into the stack for thread: 0x0000017402491000
RDI=0x0000000000040377 is an unknown value
R8 =0x0000001260afc0c0 is pointing into the stack for thread: 0x0000017402491000
R9 =0x0000001260afbe70 is pointing into the stack for thread: 0x0000017402491000
R10=0x0 is NULL
R11=0x0000001260afbe30 is pointing into the stack for thread: 0x0000017402491000
R12=0x00000000000003d8 is an unknown value
R13=0x0000000000000008 is an unknown value
R14=0x0 is NULL
R15=0x0000017400035080 points into unknown readable memory: 0x0000017409425040 | 40 50 42 09 74 01 00 00


Registers:
RAX=0x00000174095bf050, RBX=0x0000001260afc440, RCX=0x0000001260afbe70, RDX=0x0000000002822a60
RSP=0x0000001260afbe50, RBP=0x00007ffc5aac0000, RSI=0x0000001260afc528, RDI=0x0000000000040377
R8 =0x0000001260afc0c0, R9 =0x0000001260afbe70, R10=0x0000000000000000, R11=0x0000001260afbe30
R12=0x00000000000003d8, R13=0x0000000000000008, R14=0x0000000000000000, R15=0x0000017400035080
RIP=0x00007ffc5ac5885e, EFLAGS=0x0000000000010206

Top of Stack: (sp=0x0000001260afbe50)
0x0000001260afbe50:   0000001260afc440 00007ffc5aac0000
0x0000001260afbe60:   0000001260afc528 000000000016e9a0
0x0000001260afbe70:   000000af00000000 0000017400000008
0x0000001260afbe80:   0000017402eb8400 0000001200000001
0x0000001260afbe90:   000001740583bdc0 0000017400000001
0x0000001260afbea0:   0000017409447fb0 0000001200000012
0x0000001260afbeb0:   0000017400d4aef0 00007ffc5abcfa31
0x0000001260afbec0:   000000000016e9a0 00007ffc5ae18676
0x0000001260afbed0:   0000000000000000 0000000000000000
0x0000001260afbee0:   0000000000000000 0000000000000000
0x0000001260afbef0:   00000174075ece60 00000174075ece00
0x0000001260afbf00:   00007ffc5b2bca80 00007ffc5b2bca90
0x0000001260afbf10:   0000000000000000 0000000000000000
0x0000001260afbf20:   0000000000000000 00007ffc5b2bca90
0x0000001260afbf30:   0000017400035000 0000000000000001
0x0000001260afbf40:   0000000000000000 0000000000000000 

Instructions: (pc=0x00007ffc5ac5885e)
0x00007ffc5ac5875e:   d1 8a ff ff 48 81 c4 d8 00 00 00 41 5d 5d c3 cc
0x00007ffc5ac5876e:   cc cc 48 8b c4 48 89 58 10 48 89 68 18 48 89 78
0x00007ffc5ac5877e:   20 41 56 48 81 ec 80 01 00 00 0f 29 70 e8 4c 8d
0x00007ffc5ac5878e:   05 dd 67 87 00 0f 29 78 d8 48 8d 15 f2 42 66 00
0x00007ffc5ac5879e:   44 0f 29 40 c8 48 8b d9 44 0f 29 48 b8 48 8d 88
0x00007ffc5ac587ae:   08 ff ff ff 44 0f 29 50 a8 44 0f 29 58 98 44 0f
0x00007ffc5ac587be:   29 60 88 44 0f 29 a8 78 ff ff ff 44 0f 29 b0 68
0x00007ffc5ac587ce:   ff ff ff e8 8a 28 06 00 f2 44 0f 10 25 29 43 66
0x00007ffc5ac587de:   00 48 8d 2d 1a 78 e6 ff f2 44 0f 10 2d f1 42 66
0x00007ffc5ac587ee:   00 45 33 f6 f2 0f 10 3d 36 43 66 00 45 0f 57 f6
0x00007ffc5ac587fe:   f2 44 0f 10 05 21 43 66 00 f2 44 0f 10 1d e0 42
0x00007ffc5ac5880e:   66 00 f2 44 0f 10 0d 07 43 66 00 f2 44 0f 10 15
0x00007ffc5ac5881e:   ee 42 66 00 48 89 b4 24 90 01 00 00 66 0f 1f 44
0x00007ffc5ac5882e:   00 00 8b bb c0 00 00 00 85 ff 75 11 44 39 b3 c4
0x00007ffc5ac5883e:   00 00 00 0f 84 fa 01 00 00 85 ff 74 1f 4c 8b 43
0x00007ffc5ac5884e:   70 48 8d 14 bf 49 83 c0 20 48 c1 e2 05 49 8b 00
0x00007ffc5ac5885e:   8b 4c 02 28 89 8b c0 00 00 00 eb 23 8b bb c4 00
0x00007ffc5ac5886e:   00 00 4c 8b 43 70 49 83 c0 20 48 8d 14 bf 48 c1
0x00007ffc5ac5887e:   e2 05 49 8b 00 8b 4c 02 28 89 8b c4 00 00 00 49
0x00007ffc5ac5888e:   8b 08 8b 83 cc 00 00 00 89 44 0a 28 48 8b 4b 70
0x00007ffc5ac5889e:   89 bb cc 00 00 00 48 8b 41 20 f7 84 10 98 00 00
0x00007ffc5ac588ae:   00 00 20 00 00 74 78 48 03 51 10 48 8d 4c 24 58
0x00007ffc5ac588be:   e8 0d f4 1b 00 8b 44 24 58 85 c0 74 3c 44 8b 44
0x00007ffc5ac588ce:   24 5c a8 1f 75 0b c1 e8 05 41 83 c0 05 a8 1f 74
0x00007ffc5ac588de:   f5 8b d0 83 e2 1f 0f b6 8c 2a 40 cd 82 00 d3 e8
0x00007ffc5ac588ee:   89 44 24 58 42 8d 04 01 89 44 24 5c 0f b6 84 2a
0x00007ffc5ac588fe:   20 cd 82 00 41 03 c0 eb 0a 48 8d 4c 24 58 e8 0f
0x00007ffc5ac5890e:   f4 1b 00 85 c0 74 18 8b c0 48 8d 14 80 48 8b 43
0x00007ffc5ac5891e:   70 48 c1 e2 05 48 8b 48 20 89 7c 0a 20 eb 96 48
0x00007ffc5ac5892e:   8b 4b 70 8b d7 e8 98 ae 1b 00 48 8b d0 48 8d 4c
0x00007ffc5ac5893e:   24 20 e8 8b f3 1b 00 44 8b 44 24 20 66 0f 1f 44
0x00007ffc5ac5894e:   00 00 45 85 c0 74 45 44 8b 4c 24 24 41 f6 c0 1f 


Stack slot to memory mapping:
stack at sp + 0 slots: 0x0000001260afc440 is pointing into the stack for thread: 0x0000017402491000
stack at sp + 1 slots: 0x00007ffc5aac0000 jvm.dll
stack at sp + 2 slots: 0x0000001260afc528 is pointing into the stack for thread: 0x0000017402491000
stack at sp + 3 slots: 0x000000000016e9a0 is an unknown value
stack at sp + 4 slots: 0x000000af00000000 is an unknown value
stack at sp + 5 slots: 0x0000017400000008 points into unknown readable memory: 0x01017ff3d6d49289 | 89 92 d4 d6 f3 7f 01 01
stack at sp + 6 slots: 0x0000017402eb8400 points into unknown readable memory: 0x0000000000000000 | 00 00 00 00 00 00 00 00
stack at sp + 7 slots: 0x0000001200000001 is an unknown value


---------------  P R O C E S S  ---------------

Threads class SMR info:
_java_thread_list=0x00000174040f9f60, length=61, elements={
0x0000017462201800, 0x000001747ceda000, 0x000001747cedd800, 0x000001747cf38000,
0x000001747cf39000, 0x000001747cf3e000, 0x000001747cf41800, 0x000001747cf4a800,
0x000001747cf4c800, 0x000001747d0c0800, 0x000001747eaa7800, 0x000001747e5f6800,
0x000001747d1d3800, 0x000001747e668000, 0x000001747e925800, 0x000001747e9b8000,
0x000001747e4a0000, 0x000001747fbe7000, 0x000001747fc56800, 0x000001740004d800,
0x000001740004f800, 0x0000017400053000, 0x0000017400050800, 0x000001747db04800,
0x000001740004e000, 0x0000017400054000, 0x0000017400051800, 0x0000017400052000,
0x000001740004f000, 0x0000017400cdf000, 0x0000017400cde000, 0x0000017400ce2000,
0x0000017400ce0000, 0x0000017400cdc800, 0x0000017400ce3000, 0x0000017400cdd800,
0x0000017400ce9800, 0x0000017400ce4800, 0x0000017400ce9000, 0x0000017400ce5800,
0x0000017400ce4000, 0x0000017400ce6800, 0x0000017400cea800, 0x0000017400ceb000,
0x0000017400ce8000, 0x0000017400ce7000, 0x00000174001b1800, 0x00000174001b2800,
0x00000174001ae800, 0x00000174001af000, 0x0000017402491000, 0x00000174001b0000,
0x00000174001b3000, 0x00000174001b5000, 0x00000174001b4000, 0x00000174001b5800,
0x00000174001b6800, 0x00000174001b0800, 0x00000174001bc000, 0x00000174001bb800,
0x00000174001b9000
}

Java Threads: ( => current thread )
  0x0000017462201800 JavaThread "main" [_thread_blocked, id=12292, stack(0x000000125c900000,0x000000125ca00000)]
  0x000001747ceda000 JavaThread "Reference Handler" daemon [_thread_blocked, id=11236, stack(0x000000125d000000,0x000000125d100000)]
  0x000001747cedd800 JavaThread "Finalizer" daemon [_thread_blocked, id=9444, stack(0x000000125d100000,0x000000125d200000)]
  0x000001747cf38000 JavaThread "Signal Dispatcher" daemon [_thread_blocked, id=11788, stack(0x000000125d200000,0x000000125d300000)]
  0x000001747cf39000 JavaThread "Attach Listener" daemon [_thread_blocked, id=9844, stack(0x000000125d300000,0x000000125d400000)]
  0x000001747cf3e000 JavaThread "Service Thread" daemon [_thread_blocked, id=6560, stack(0x000000125d400000,0x000000125d500000)]
  0x000001747cf41800 JavaThread "C2 CompilerThread0" daemon [_thread_in_native, id=2124, stack(0x000000125d500000,0x000000125d600000)]
  0x000001747cf4a800 JavaThread "C1 CompilerThread0" daemon [_thread_in_vm, id=4556, stack(0x000000125d600000,0x000000125d700000)]
  0x000001747cf4c800 JavaThread "Sweeper thread" daemon [_thread_blocked, id=11568, stack(0x000000125d700000,0x000000125d800000)]
  0x000001747d0c0800 JavaThread "Common-Cleaner" daemon [_thread_blocked, id=4304, stack(0x000000125d800000,0x000000125d900000)]
  0x000001747eaa7800 JavaThread "Daemon health stats" [_thread_blocked, id=9564, stack(0x000000125e100000,0x000000125e200000)]
  0x000001747e5f6800 JavaThread "Incoming local TCP Connector on port 50328" [_thread_in_native, id=8964, stack(0x000000125da00000,0x000000125db00000)]
  0x000001747d1d3800 JavaThread "Daemon periodic checks" [_thread_blocked, id=12712, stack(0x000000125e000000,0x000000125e100000)]
  0x000001747e668000 JavaThread "Daemon" [_thread_blocked, id=9540, stack(0x000000125e200000,0x000000125e300000)]
  0x000001747e925800 JavaThread "Handler for socket connection from /127.0.0.1:50328 to /127.0.0.1:50329" [_thread_in_native, id=8068, stack(0x000000125e300000,0x000000125e400000)]
  0x000001747e9b8000 JavaThread "Cancel handler" [_thread_blocked, id=12180, stack(0x000000125e400000,0x000000125e500000)]
  0x000001747e4a0000 JavaThread "Daemon worker" [_thread_blocked, id=12540, stack(0x000000125e500000,0x000000125e600000)]
  0x000001747fbe7000 JavaThread "Asynchronous log dispatcher for DefaultDaemonConnection: socket connection from /127.0.0.1:50328 to /127.0.0.1:50329" [_thread_blocked, id=10712, stack(0x000000125e600000,0x000000125e700000)]
  0x000001747fc56800 JavaThread "Stdin handler" [_thread_blocked, id=9556, stack(0x000000125e700000,0x000000125e800000)]
  0x000001740004d800 JavaThread "Daemon client event forwarder" [_thread_blocked, id=9996, stack(0x000000125e800000,0x000000125e900000)]
  0x000001740004f800 JavaThread "Cache worker for file hash cache (C:\Users\Tyler\.gradle\caches\7.0.2\fileHashes)" [_thread_blocked, id=4316, stack(0x000000125e900000,0x000000125ea00000)]
  0x0000017400053000 JavaThread "File lock request listener" [_thread_in_native, id=4364, stack(0x000000125ea00000,0x000000125eb00000)]
  0x0000017400050800 JavaThread "Cache worker for journal cache (C:\Users\Tyler\.gradle\caches\journal-1)" [_thread_blocked, id=3972, stack(0x000000125ee00000,0x000000125ef00000)]
  0x000001747db04800 JavaThread "C2 CompilerThread1" daemon [_thread_in_native, id=8548, stack(0x000000125ef00000,0x000000125f000000)]
  0x000001740004e000 JavaThread "Cache worker for file hash cache (D:\Workspace\SeminarMobileApp-G21\.gradle\7.0.2\fileHashes)" [_thread_blocked, id=5404, stack(0x000000125f000000,0x000000125f100000)]
  0x0000017400054000 JavaThread "File watcher server" daemon [_thread_in_native, id=5112, stack(0x000000125f100000,0x000000125f200000)]
  0x0000017400051800 JavaThread "File watcher consumer" daemon [_thread_blocked, id=1436, stack(0x000000125f200000,0x000000125f300000)]
  0x0000017400052000 JavaThread "Cache worker for checksums cache (D:\Workspace\SeminarMobileApp-G21\.gradle\checksums)" [_thread_blocked, id=2684, stack(0x000000125f300000,0x000000125f400000)]
  0x000001740004f000 JavaThread "Cache worker for cache directory md-supplier (C:\Users\Tyler\.gradle\caches\7.0.2\md-supplier)" [_thread_blocked, id=12852, stack(0x000000125f400000,0x000000125f500000)]
  0x0000017400cdf000 JavaThread "Cache worker for cache directory md-rule (C:\Users\Tyler\.gradle\caches\7.0.2\md-rule)" [_thread_blocked, id=9684, stack(0x000000125f600000,0x000000125f700000)]
  0x0000017400cde000 JavaThread "Cache worker for execution history cache (C:\Users\Tyler\.gradle\caches\7.0.2\executionHistory)" [_thread_blocked, id=10112, stack(0x000000125f700000,0x000000125f800000)]
  0x0000017400ce2000 JavaThread "jar transforms" [_thread_blocked, id=7448, stack(0x000000125f800000,0x000000125f900000)]
  0x0000017400ce0000 JavaThread "jar transforms Thread 2" [_thread_blocked, id=11268, stack(0x000000125f900000,0x000000125fa00000)]
  0x0000017400cdc800 JavaThread "Cache worker for file content cache (C:\Users\Tyler\.gradle\caches\7.0.2\fileContent)" [_thread_blocked, id=11164, stack(0x000000125fa00000,0x000000125fb00000)]
  0x0000017400ce3000 JavaThread "Cache worker for dependencies-accessors (D:\Workspace\SeminarMobileApp-G21\.gradle\7.0.2\dependencies-accessors)" [_thread_blocked, id=10420, stack(0x000000125fb00000,0x000000125fc00000)]
  0x0000017400cdd800 JavaThread "jar transforms Thread 3" [_thread_blocked, id=10564, stack(0x000000125fc00000,0x000000125fd00000)]
  0x0000017400ce9800 JavaThread "Cache worker for Build Output Cleanup Cache (D:\Workspace\SeminarMobileApp-G21\.gradle\buildOutputCleanup)" [_thread_blocked, id=12772, stack(0x000000125fd00000,0x000000125fe00000)]
  0x0000017400ce4800 JavaThread "Build operations" [_thread_blocked, id=2096, stack(0x000000125fe00000,0x000000125ff00000)]
  0x0000017400ce9000 JavaThread "Build operations Thread 2" [_thread_blocked, id=8296, stack(0x000000125ff00000,0x0000001260000000)]
  0x0000017400ce5800 JavaThread "Build operations Thread 3" [_thread_blocked, id=7488, stack(0x0000001260000000,0x0000001260100000)]
  0x0000017400ce4000 JavaThread "Build operations Thread 4" [_thread_blocked, id=812, stack(0x0000001260100000,0x0000001260200000)]
  0x0000017400ce6800 JavaThread "Build operations Thread 5" [_thread_blocked, id=5392, stack(0x0000001260200000,0x0000001260300000)]
  0x0000017400cea800 JavaThread "Build operations Thread 6" [_thread_blocked, id=12228, stack(0x0000001260300000,0x0000001260400000)]
  0x0000017400ceb000 JavaThread "Build operations Thread 7" [_thread_blocked, id=12356, stack(0x0000001260400000,0x0000001260500000)]
  0x0000017400ce8000 JavaThread "Build operations Thread 8" [_thread_blocked, id=7312, stack(0x0000001260500000,0x0000001260600000)]
  0x0000017400ce7000 JavaThread "jar transforms Thread 4" [_thread_blocked, id=7008, stack(0x000000125f500000,0x000000125f600000)]
  0x00000174001b1800 JavaThread "jar transforms Thread 5" [_thread_blocked, id=7380, stack(0x0000001260600000,0x0000001260700000)]
  0x00000174001b2800 JavaThread "jar transforms Thread 6" [_thread_blocked, id=12500, stack(0x0000001260700000,0x0000001260800000)]
  0x00000174001ae800 JavaThread "jar transforms Thread 7" [_thread_blocked, id=10472, stack(0x0000001260800000,0x0000001260900000)]
  0x00000174001af000 JavaThread "jar transforms Thread 8" [_thread_blocked, id=9772, stack(0x0000001260900000,0x0000001260a00000)]
=>0x0000017402491000 JavaThread "C2 CompilerThread2" daemon [_thread_in_native, id=4436, stack(0x0000001260a00000,0x0000001260b00000)]
  0x00000174001b0000 JavaThread "Memory manager" [_thread_blocked, id=1976, stack(0x0000001260b00000,0x0000001260c00000)]
  0x00000174001b3000 JavaThread "build event listener" [_thread_blocked, id=13180, stack(0x0000001260d00000,0x0000001260e00000)]
  0x00000174001b5000 JavaThread "Execution worker for ':'" [_thread_blocked, id=2188, stack(0x0000001260e00000,0x0000001260f00000)]
  0x00000174001b4000 JavaThread "Execution worker for ':' Thread 2" [_thread_blocked, id=9000, stack(0x0000001260f00000,0x0000001261000000)]
  0x00000174001b5800 JavaThread "Execution worker for ':' Thread 3" [_thread_blocked, id=7772, stack(0x0000001261000000,0x0000001261100000)]
  0x00000174001b6800 JavaThread "Execution worker for ':' Thread 4" [_thread_blocked, id=9532, stack(0x0000001261100000,0x0000001261200000)]
  0x00000174001b0800 JavaThread "Execution worker for ':' Thread 5" [_thread_blocked, id=4412, stack(0x0000001261200000,0x0000001261300000)]
  0x00000174001bc000 JavaThread "Execution worker for ':' Thread 6" [_thread_in_vm, id=13048, stack(0x0000001261300000,0x0000001261400000)]
  0x00000174001bb800 JavaThread "Execution worker for ':' Thread 7" [_thread_blocked, id=8668, stack(0x0000001261400000,0x0000001261500000)]
  0x00000174001b9000 JavaThread "Cache worker for execution history cache (D:\Workspace\SeminarMobileApp-G21\.gradle\7.0.2\executionHistory)" [_thread_blocked, id=820, stack(0x0000001261500000,0x0000001261600000)]

Other Threads:
  0x000001747ced7800 VMThread "VM Thread" [stack: 0x000000125cf00000,0x000000125d000000] [id=7656]
  0x000001747d138000 WatcherThread [stack: 0x000000125d900000,0x000000125da00000] [id=4244]
  0x0000017462219000 GCTaskThread "GC Thread#0" [stack: 0x000000125ca00000,0x000000125cb00000] [id=4296]
  0x000001747e0e6000 GCTaskThread "GC Thread#1" [stack: 0x000000125db00000,0x000000125dc00000] [id=1036]
  0x000001747dee8000 GCTaskThread "GC Thread#2" [stack: 0x000000125dc00000,0x000000125dd00000] [id=4016]
  0x000001747d74e000 GCTaskThread "GC Thread#3" [stack: 0x000000125dd00000,0x000000125de00000] [id=12344]
  0x000001747d6d7800 GCTaskThread "GC Thread#4" [stack: 0x000000125de00000,0x000000125df00000] [id=6044]
  0x000001747dcf6800 GCTaskThread "GC Thread#5" [stack: 0x000000125df00000,0x000000125e000000] [id=4596]
  0x000001747f96b000 GCTaskThread "GC Thread#6" [stack: 0x000000125eb00000,0x000000125ec00000] [id=9296]
  0x000001747efba800 GCTaskThread "GC Thread#7" [stack: 0x000000125ec00000,0x000000125ed00000] [id=7392]
  0x000001746224a000 ConcurrentGCThread "G1 Main Marker" [stack: 0x000000125cb00000,0x000000125cc00000] [id=10680]
  0x000001746224e800 ConcurrentGCThread "G1 Conc#0" [stack: 0x000000125cc00000,0x000000125cd00000] [id=7888]
  0x000001747f7f6800 ConcurrentGCThread "G1 Conc#1" [stack: 0x000000125ed00000,0x000000125ee00000] [id=8476]
  0x00000174622ce800 ConcurrentGCThread "G1 Refine#0" [stack: 0x000000125cd00000,0x000000125ce00000] [id=6472]
  0x000001740240a800 ConcurrentGCThread "G1 Refine#1" [stack: 0x0000001260c00000,0x0000001260d00000] [id=7252]
  0x000001747c51b000 ConcurrentGCThread "G1 Young RemSet Sampling" [stack: 0x000000125ce00000,0x000000125cf00000] [id=816]

Threads with active compile tasks:
C2 CompilerThread0  12851 7630       4       java.lang.String::split (324 bytes)
C2 CompilerThread1  12851 7932       4       org.gradle.internal.serialize.kryo.StringDeduplicatingKryoBackedEncoder::writeNullableString (114 bytes)
C2 CompilerThread2  12851 7387       4       java.beans.MethodRef::set (58 bytes)

VM state:not at safepoint (normal execution)

VM Mutex/Monitor currently owned by a thread: None

Heap address: 0x0000000080000000, size: 2048 MB, Compressed Oops mode: 32-bit
Narrow klass base: 0x0000000000000000, Narrow klass shift: 3
Compressed class space size: 1073741824 Address: 0x0000000100000000

Heap:
 garbage-first heap   total 260096K, used 146187K [0x0000000080000000, 0x0000000100000000)
  region size 1024K, 95 young (97280K), 7 survivors (7168K)
 Metaspace       used 78535K, capacity 80501K, committed 80716K, reserved 1118208K
  class space    used 10317K, capacity 11040K, committed 11084K, reserved 1048576K
Heap Regions: E=young(eden), S=young(survivor), O=old, HS=humongous(starts), HC=humongous(continues), CS=collection set, F=free, A=archive, TAMS=top-at-mark-start (previous, next)
|   0|0x0000000080000000, 0x0000000080100000, 0x0000000080100000|100%| O|  |TAMS 0x0000000080100000, 0x0000000080000000| Untracked 
|   1|0x0000000080100000, 0x0000000080200000, 0x0000000080200000|100%| O|  |TAMS 0x0000000080200000, 0x0000000080100000| Untracked 
|   2|0x0000000080200000, 0x0000000080300000, 0x0000000080300000|100%| O|  |TAMS 0x0000000080300000, 0x0000000080200000| Untracked 
|   3|0x0000000080300000, 0x0000000080400000, 0x0000000080400000|100%|HS|  |TAMS 0x0000000080400000, 0x0000000080300000| Complete 
|   4|0x0000000080400000, 0x0000000080500000, 0x0000000080500000|100%|HC|  |TAMS 0x0000000080500000, 0x0000000080400000| Complete 
|   5|0x0000000080500000, 0x0000000080600000, 0x0000000080600000|100%|HC|  |TAMS 0x0000000080600000, 0x0000000080500000| Complete 
|   6|0x0000000080600000, 0x0000000080700000, 0x0000000080700000|100%| O|  |TAMS 0x0000000080700000, 0x0000000080600000| Untracked 
|   7|0x0000000080700000, 0x0000000080800000, 0x0000000080800000|100%| O|  |TAMS 0x0000000080800000, 0x0000000080700000| Untracked 
|   8|0x0000000080800000, 0x0000000080900000, 0x0000000080900000|100%| O|  |TAMS 0x0000000080900000, 0x0000000080800000| Untracked 
|   9|0x0000000080900000, 0x0000000080a00000, 0x0000000080a00000|100%| O|  |TAMS 0x0000000080a00000, 0x0000000080900000| Untracked 
|  10|0x0000000080a00000, 0x0000000080b00000, 0x0000000080b00000|100%| O|  |TAMS 0x0000000080b00000, 0x0000000080a00000| Untracked 
|  11|0x0000000080b00000, 0x0000000080c00000, 0x0000000080c00000|100%| O|  |TAMS 0x0000000080c00000, 0x0000000080b00000| Untracked 
|  12|0x0000000080c00000, 0x0000000080d00000, 0x0000000080d00000|100%| O|  |TAMS 0x0000000080d00000, 0x0000000080c00000| Untracked 
|  13|0x0000000080d00000, 0x0000000080e00000, 0x0000000080e00000|100%| O|  |TAMS 0x0000000080e00000, 0x0000000080d00000| Untracked 
|  14|0x0000000080e00000, 0x0000000080f00000, 0x0000000080f00000|100%| O|  |TAMS 0x0000000080f00000, 0x0000000080e00000| Untracked 
|  15|0x0000000080f00000, 0x0000000081000000, 0x0000000081000000|100%| O|  |TAMS 0x0000000081000000, 0x0000000080f00000| Untracked 
|  16|0x0000000081000000, 0x0000000081100000, 0x0000000081100000|100%|HS|  |TAMS 0x0000000081100000, 0x0000000081000000| Complete 
|  17|0x0000000081100000, 0x0000000081200000, 0x0000000081200000|100%|HS|  |TAMS 0x0000000081200000, 0x0000000081100000| Complete 
|  18|0x0000000081200000, 0x0000000081300000, 0x0000000081300000|100%|HS|  |TAMS 0x0000000081300000, 0x0000000081200000| Complete 
|  19|0x0000000081300000, 0x0000000081400000, 0x0000000081400000|100%|HC|  |TAMS 0x0000000081400000, 0x0000000081300000| Complete 
|  20|0x0000000081400000, 0x0000000081500000, 0x0000000081500000|100%| O|  |TAMS 0x0000000081500000, 0x0000000081400000| Untracked 
|  21|0x0000000081500000, 0x0000000081600000, 0x0000000081600000|100%| O|  |TAMS 0x0000000081600000, 0x0000000081500000| Untracked 
|  22|0x0000000081600000, 0x0000000081700000, 0x0000000081700000|100%| O|  |TAMS 0x0000000081700000, 0x0000000081600000| Untracked 
|  23|0x0000000081700000, 0x0000000081800000, 0x0000000081800000|100%| O|  |TAMS 0x0000000081800000, 0x0000000081700000| Untracked 
|  24|0x0000000081800000, 0x0000000081900000, 0x0000000081900000|100%| O|  |TAMS 0x0000000081900000, 0x0000000081800000| Untracked 
|  25|0x0000000081900000, 0x0000000081a00000, 0x0000000081a00000|100%| O|  |TAMS 0x0000000081a00000, 0x0000000081900000| Untracked 
|  26|0x0000000081a00000, 0x0000000081b00000, 0x0000000081b00000|100%| O|  |TAMS 0x0000000081b00000, 0x0000000081a00000| Untracked 
|  27|0x0000000081b00000, 0x0000000081c00000, 0x0000000081c00000|100%| O|  |TAMS 0x0000000081c00000, 0x0000000081b00000| Untracked 
|  28|0x0000000081c00000, 0x0000000081d00000, 0x0000000081d00000|100%| O|  |TAMS 0x0000000081d00000, 0x0000000081c00000| Untracked 
|  29|0x0000000081d00000, 0x0000000081e00000, 0x0000000081e00000|100%| O|  |TAMS 0x0000000081e00000, 0x0000000081d00000| Untracked 
|  30|0x0000000081e00000, 0x0000000081f00000, 0x0000000081f00000|100%| O|  |TAMS 0x0000000081f00000, 0x0000000081e00000| Untracked 
|  31|0x0000000081f00000, 0x0000000082000000, 0x0000000082000000|100%| O|  |TAMS 0x0000000082000000, 0x0000000081f00000| Untracked 
|  32|0x0000000082000000, 0x0000000082100000, 0x0000000082100000|100%| O|  |TAMS 0x0000000082100000, 0x0000000082000000| Untracked 
|  33|0x0000000082100000, 0x0000000082200000, 0x0000000082200000|100%| O|  |TAMS 0x0000000082200000, 0x0000000082100000| Untracked 
|  34|0x0000000082200000, 0x0000000082300000, 0x0000000082300000|100%| O|  |TAMS 0x0000000082300000, 0x0000000082200000| Untracked 
|  35|0x0000000082300000, 0x0000000082400000, 0x0000000082400000|100%| O|  |TAMS 0x0000000082400000, 0x0000000082300000| Untracked 
|  36|0x0000000082400000, 0x0000000082500000, 0x0000000082500000|100%| O|  |TAMS 0x0000000082500000, 0x0000000082400000| Untracked 
|  37|0x0000000082500000, 0x0000000082600000, 0x0000000082600000|100%| O|  |TAMS 0x0000000082600000, 0x0000000082500000| Untracked 
|  38|0x0000000082600000, 0x0000000082700000, 0x0000000082700000|100%| O|  |TAMS 0x0000000082700000, 0x0000000082600000| Untracked 
|  39|0x0000000082700000, 0x0000000082800000, 0x0000000082800000|100%| O|  |TAMS 0x0000000082800000, 0x0000000082700000| Untracked 
|  40|0x0000000082800000, 0x0000000082900000, 0x0000000082900000|100%| O|  |TAMS 0x0000000082900000, 0x0000000082800000| Untracked 
|  41|0x0000000082900000, 0x0000000082a00000, 0x0000000082a00000|100%| O|  |TAMS 0x00000000829de800, 0x0000000082900000| Untracked 
|  42|0x0000000082a00000, 0x0000000082b00000, 0x0000000082b00000|100%| O|  |TAMS 0x0000000082a00000, 0x0000000082a00000| Untracked 
|  43|0x0000000082b00000, 0x0000000082c00000, 0x0000000082c00000|100%| O|  |TAMS 0x0000000082b00000, 0x0000000082b00000| Untracked 
|  44|0x0000000082c00000, 0x0000000082d00000, 0x0000000082d00000|100%| O|  |TAMS 0x0000000082c00000, 0x0000000082c00000| Untracked 
|  45|0x0000000082d00000, 0x0000000082e00000, 0x0000000082e00000|100%| O|  |TAMS 0x0000000082d00000, 0x0000000082d00000| Untracked 
|  46|0x0000000082e00000, 0x0000000082f00000, 0x0000000082f00000|100%| O|  |TAMS 0x0000000082e00000, 0x0000000082e00000| Untracked 
|  47|0x0000000082f00000, 0x0000000083000000, 0x0000000083000000|100%| O|  |TAMS 0x0000000082f00000, 0x0000000082f00000| Untracked 
|  48|0x0000000083000000, 0x0000000083100000, 0x0000000083100000|100%| O|  |TAMS 0x0000000083000000, 0x0000000083000000| Untracked 
|  49|0x0000000083100000, 0x0000000083198800, 0x0000000083200000| 59%| O|  |TAMS 0x0000000083100000, 0x0000000083100000| Untracked 
|  50|0x0000000083200000, 0x0000000083200000, 0x0000000083300000|  0%| F|  |TAMS 0x0000000083200000, 0x0000000083200000| Untracked 
|  51|0x0000000083300000, 0x0000000083300000, 0x0000000083400000|  0%| F|  |TAMS 0x0000000083300000, 0x0000000083300000| Untracked 
|  52|0x0000000083400000, 0x0000000083400000, 0x0000000083500000|  0%| F|  |TAMS 0x0000000083400000, 0x0000000083400000| Untracked 
|  53|0x0000000083500000, 0x0000000083500000, 0x0000000083600000|  0%| F|  |TAMS 0x0000000083500000, 0x0000000083500000| Untracked 
|  54|0x0000000083600000, 0x0000000083600000, 0x0000000083700000|  0%| F|  |TAMS 0x0000000083600000, 0x0000000083600000| Untracked 
|  55|0x0000000083700000, 0x0000000083700000, 0x0000000083800000|  0%| F|  |TAMS 0x0000000083700000, 0x0000000083700000| Untracked 
|  56|0x0000000083800000, 0x0000000083800000, 0x0000000083900000|  0%| F|  |TAMS 0x0000000083800000, 0x0000000083800000| Untracked 
|  57|0x0000000083900000, 0x0000000083900000, 0x0000000083a00000|  0%| F|  |TAMS 0x0000000083900000, 0x0000000083900000| Untracked 
|  58|0x0000000083a00000, 0x0000000083a00000, 0x0000000083b00000|  0%| F|  |TAMS 0x0000000083a00000, 0x0000000083a00000| Untracked 
|  59|0x0000000083b00000, 0x0000000083b00000, 0x0000000083c00000|  0%| F|  |TAMS 0x0000000083b00000, 0x0000000083b00000| Untracked 
|  60|0x0000000083c00000, 0x0000000083c00000, 0x0000000083d00000|  0%| F|  |TAMS 0x0000000083c00000, 0x0000000083c00000| Untracked 
|  61|0x0000000083d00000, 0x0000000083d00000, 0x0000000083e00000|  0%| F|  |TAMS 0x0000000083d00000, 0x0000000083d00000| Untracked 
|  62|0x0000000083e00000, 0x0000000083e00000, 0x0000000083f00000|  0%| F|  |TAMS 0x0000000083e00000, 0x0000000083e00000| Untracked 
|  63|0x0000000083f00000, 0x0000000083f00000, 0x0000000084000000|  0%| F|  |TAMS 0x0000000083f00000, 0x0000000083f00000| Untracked 
|  64|0x0000000084000000, 0x0000000084000000, 0x0000000084100000|  0%| F|  |TAMS 0x0000000084000000, 0x0000000084000000| Untracked 
|  65|0x0000000084100000, 0x0000000084100000, 0x0000000084200000|  0%| F|  |TAMS 0x0000000084100000, 0x0000000084100000| Untracked 
|  66|0x0000000084200000, 0x0000000084200000, 0x0000000084300000|  0%| F|  |TAMS 0x0000000084200000, 0x0000000084200000| Untracked 
|  67|0x0000000084300000, 0x0000000084300000, 0x0000000084400000|  0%| F|  |TAMS 0x0000000084300000, 0x0000000084300000| Untracked 
|  68|0x0000000084400000, 0x0000000084400000, 0x0000000084500000|  0%| F|  |TAMS 0x0000000084400000, 0x0000000084400000| Untracked 
|  69|0x0000000084500000, 0x0000000084500000, 0x0000000084600000|  0%| F|  |TAMS 0x0000000084500000, 0x0000000084500000| Untracked 
|  70|0x0000000084600000, 0x0000000084600000, 0x0000000084700000|  0%| F|  |TAMS 0x0000000084600000, 0x0000000084600000| Untracked 
|  71|0x0000000084700000, 0x0000000084700000, 0x0000000084800000|  0%| F|  |TAMS 0x0000000084700000, 0x0000000084700000| Untracked 
|  72|0x0000000084800000, 0x0000000084800000, 0x0000000084900000|  0%| F|  |TAMS 0x0000000084800000, 0x0000000084800000| Untracked 
|  73|0x0000000084900000, 0x0000000084900000, 0x0000000084a00000|  0%| F|  |TAMS 0x0000000084900000, 0x0000000084900000| Untracked 
|  74|0x0000000084a00000, 0x0000000084a00000, 0x0000000084b00000|  0%| F|  |TAMS 0x0000000084a00000, 0x0000000084a00000| Untracked 
|  75|0x0000000084b00000, 0x0000000084b00000, 0x0000000084c00000|  0%| F|  |TAMS 0x0000000084b00000, 0x0000000084b00000| Untracked 
|  76|0x0000000084c00000, 0x0000000084c00000, 0x0000000084d00000|  0%| F|  |TAMS 0x0000000084c00000, 0x0000000084c00000| Untracked 
|  77|0x0000000084d00000, 0x0000000084d00000, 0x0000000084e00000|  0%| F|  |TAMS 0x0000000084d00000, 0x0000000084d00000| Untracked 
|  78|0x0000000084e00000, 0x0000000084e00000, 0x0000000084f00000|  0%| F|  |TAMS 0x0000000084e00000, 0x0000000084e00000| Untracked 
|  79|0x0000000084f00000, 0x0000000084f00000, 0x0000000085000000|  0%| F|  |TAMS 0x0000000084f00000, 0x0000000084f00000| Untracked 
|  80|0x0000000085000000, 0x0000000085000000, 0x0000000085100000|  0%| F|  |TAMS 0x0000000085000000, 0x0000000085000000| Untracked 
|  81|0x0000000085100000, 0x0000000085100000, 0x0000000085200000|  0%| F|  |TAMS 0x0000000085100000, 0x0000000085100000| Untracked 
|  82|0x0000000085200000, 0x0000000085200000, 0x0000000085300000|  0%| F|  |TAMS 0x0000000085200000, 0x0000000085200000| Untracked 
|  83|0x0000000085300000, 0x0000000085300000, 0x0000000085400000|  0%| F|  |TAMS 0x0000000085300000, 0x0000000085300000| Untracked 
|  84|0x0000000085400000, 0x0000000085400000, 0x0000000085500000|  0%| F|  |TAMS 0x0000000085400000, 0x0000000085400000| Untracked 
|  85|0x0000000085500000, 0x0000000085500000, 0x0000000085600000|  0%| F|  |TAMS 0x0000000085500000, 0x0000000085500000| Untracked 
|  86|0x0000000085600000, 0x0000000085600000, 0x0000000085700000|  0%| F|  |TAMS 0x0000000085600000, 0x0000000085600000| Untracked 
|  87|0x0000000085700000, 0x0000000085700000, 0x0000000085800000|  0%| F|  |TAMS 0x0000000085700000, 0x0000000085700000| Untracked 
|  88|0x0000000085800000, 0x0000000085800000, 0x0000000085900000|  0%| F|  |TAMS 0x0000000085800000, 0x0000000085800000| Untracked 
|  89|0x0000000085900000, 0x0000000085900000, 0x0000000085a00000|  0%| F|  |TAMS 0x0000000085900000, 0x0000000085900000| Untracked 
|  90|0x0000000085a00000, 0x0000000085a00000, 0x0000000085b00000|  0%| F|  |TAMS 0x0000000085a00000, 0x0000000085a00000| Untracked 
|  91|0x0000000085b00000, 0x0000000085b00000, 0x0000000085c00000|  0%| F|  |TAMS 0x0000000085b00000, 0x0000000085b00000| Untracked 
|  92|0x0000000085c00000, 0x0000000085c00000, 0x0000000085d00000|  0%| F|  |TAMS 0x0000000085c00000, 0x0000000085c00000| Untracked 
|  93|0x0000000085d00000, 0x0000000085d00000, 0x0000000085e00000|  0%| F|  |TAMS 0x0000000085d00000, 0x0000000085d00000| Untracked 
|  94|0x0000000085e00000, 0x0000000085e00000, 0x0000000085f00000|  0%| F|  |TAMS 0x0000000085e00000, 0x0000000085e00000| Untracked 
|  95|0x0000000085f00000, 0x0000000085f00000, 0x0000000086000000|  0%| F|  |TAMS 0x0000000085f00000, 0x0000000085f00000| Untracked 
|  96|0x0000000086000000, 0x0000000086000000, 0x0000000086100000|  0%| F|  |TAMS 0x0000000086000000, 0x0000000086000000| Untracked 
|  97|0x0000000086100000, 0x0000000086100000, 0x0000000086200000|  0%| F|  |TAMS 0x0000000086100000, 0x0000000086100000| Untracked 
|  98|0x0000000086200000, 0x0000000086200000, 0x0000000086300000|  0%| F|  |TAMS 0x0000000086200000, 0x0000000086200000| Untracked 
|  99|0x0000000086300000, 0x0000000086300000, 0x0000000086400000|  0%| F|  |TAMS 0x0000000086300000, 0x0000000086300000| Untracked 
| 100|0x0000000086400000, 0x0000000086400000, 0x0000000086500000|  0%| F|  |TAMS 0x0000000086400000, 0x0000000086400000| Untracked 
| 101|0x0000000086500000, 0x0000000086500000, 0x0000000086600000|  0%| F|  |TAMS 0x0000000086500000, 0x0000000086500000| Untracked 
| 102|0x0000000086600000, 0x0000000086600000, 0x0000000086700000|  0%| F|  |TAMS 0x0000000086600000, 0x0000000086600000| Untracked 
| 103|0x0000000086700000, 0x0000000086700000, 0x0000000086800000|  0%| F|  |TAMS 0x0000000086700000, 0x0000000086700000| Untracked 
| 104|0x0000000086800000, 0x0000000086800000, 0x0000000086900000|  0%| F|  |TAMS 0x0000000086800000, 0x0000000086800000| Untracked 
| 105|0x0000000086900000, 0x0000000086900000, 0x0000000086a00000|  0%| F|  |TAMS 0x0000000086900000, 0x0000000086900000| Untracked 
| 106|0x0000000086a00000, 0x0000000086a00000, 0x0000000086b00000|  0%| F|  |TAMS 0x0000000086a00000, 0x0000000086a00000| Untracked 
| 107|0x0000000086b00000, 0x0000000086b00000, 0x0000000086c00000|  0%| F|  |TAMS 0x0000000086b00000, 0x0000000086b00000| Untracked 
| 108|0x0000000086c00000, 0x0000000086c00000, 0x0000000086d00000|  0%| F|  |TAMS 0x0000000086c00000, 0x0000000086c00000| Untracked 
| 109|0x0000000086d00000, 0x0000000086d00000, 0x0000000086e00000|  0%| F|  |TAMS 0x0000000086d00000, 0x0000000086d00000| Untracked 
| 110|0x0000000086e00000, 0x0000000086e00000, 0x0000000086f00000|  0%| F|  |TAMS 0x0000000086e00000, 0x0000000086e00000| Untracked 
| 111|0x0000000086f00000, 0x0000000086f00000, 0x0000000087000000|  0%| F|  |TAMS 0x0000000086f00000, 0x0000000086f00000| Untracked 
| 112|0x0000000087000000, 0x0000000087000000, 0x0000000087100000|  0%| F|  |TAMS 0x0000000087000000, 0x0000000087000000| Untracked 
| 113|0x0000000087100000, 0x0000000087100000, 0x0000000087200000|  0%| F|  |TAMS 0x0000000087100000, 0x0000000087100000| Untracked 
| 114|0x0000000087200000, 0x0000000087200000, 0x0000000087300000|  0%| F|  |TAMS 0x0000000087200000, 0x0000000087200000| Untracked 
| 115|0x0000000087300000, 0x0000000087300000, 0x0000000087400000|  0%| F|  |TAMS 0x0000000087300000, 0x0000000087300000| Untracked 
| 116|0x0000000087400000, 0x0000000087400000, 0x0000000087500000|  0%| F|  |TAMS 0x0000000087400000, 0x0000000087400000| Untracked 
| 117|0x0000000087500000, 0x0000000087500000, 0x0000000087600000|  0%| F|  |TAMS 0x0000000087500000, 0x0000000087500000| Untracked 
| 118|0x0000000087600000, 0x0000000087600000, 0x0000000087700000|  0%| F|  |TAMS 0x0000000087600000, 0x0000000087600000| Untracked 
| 119|0x0000000087700000, 0x0000000087700000, 0x0000000087800000|  0%| F|  |TAMS 0x0000000087700000, 0x0000000087700000| Untracked 
| 120|0x0000000087800000, 0x0000000087800000, 0x0000000087900000|  0%| F|  |TAMS 0x0000000087800000, 0x0000000087800000| Untracked 
| 121|0x0000000087900000, 0x0000000087900000, 0x0000000087a00000|  0%| F|  |TAMS 0x0000000087900000, 0x0000000087900000| Untracked 
| 122|0x0000000087a00000, 0x0000000087a00000, 0x0000000087b00000|  0%| F|  |TAMS 0x0000000087a00000, 0x0000000087a00000| Untracked 
| 123|0x0000000087b00000, 0x0000000087b00000, 0x0000000087c00000|  0%| F|  |TAMS 0x0000000087b00000, 0x0000000087b00000| Untracked 
| 124|0x0000000087c00000, 0x0000000087c00000, 0x0000000087d00000|  0%| F|  |TAMS 0x0000000087c00000, 0x0000000087c00000| Untracked 
| 125|0x0000000087d00000, 0x0000000087d00000, 0x0000000087e00000|  0%| F|  |TAMS 0x0000000087d00000, 0x0000000087d00000| Untracked 
| 126|0x0000000087e00000, 0x0000000087e00000, 0x0000000087f00000|  0%| F|  |TAMS 0x0000000087e00000, 0x0000000087e00000| Untracked 
| 127|0x0000000087f00000, 0x0000000087f00000, 0x0000000088000000|  0%| F|  |TAMS 0x0000000087f00000, 0x0000000087f00000| Untracked 
| 128|0x0000000088000000, 0x0000000088000000, 0x0000000088100000|  0%| F|  |TAMS 0x0000000088000000, 0x0000000088000000| Untracked 
| 129|0x0000000088100000, 0x0000000088100000, 0x0000000088200000|  0%| F|  |TAMS 0x0000000088100000, 0x0000000088100000| Untracked 
| 130|0x0000000088200000, 0x0000000088200000, 0x0000000088300000|  0%| F|  |TAMS 0x0000000088200000, 0x0000000088200000| Untracked 
| 131|0x0000000088300000, 0x0000000088300000, 0x0000000088400000|  0%| F|  |TAMS 0x0000000088300000, 0x0000000088300000| Untracked 
| 132|0x0000000088400000, 0x0000000088400000, 0x0000000088500000|  0%| F|  |TAMS 0x0000000088400000, 0x0000000088400000| Untracked 
| 133|0x0000000088500000, 0x0000000088500000, 0x0000000088600000|  0%| F|  |TAMS 0x0000000088500000, 0x0000000088500000| Untracked 
| 134|0x0000000088600000, 0x0000000088600000, 0x0000000088700000|  0%| F|  |TAMS 0x0000000088600000, 0x0000000088600000| Untracked 
| 135|0x0000000088700000, 0x0000000088700000, 0x0000000088800000|  0%| F|  |TAMS 0x0000000088700000, 0x0000000088700000| Untracked 
| 136|0x0000000088800000, 0x0000000088800000, 0x0000000088900000|  0%| F|  |TAMS 0x0000000088800000, 0x0000000088800000| Untracked 
| 137|0x0000000088900000, 0x0000000088900000, 0x0000000088a00000|  0%| F|  |TAMS 0x0000000088900000, 0x0000000088900000| Untracked 
| 138|0x0000000088a00000, 0x0000000088a00000, 0x0000000088b00000|  0%| F|  |TAMS 0x0000000088a00000, 0x0000000088a00000| Untracked 
| 139|0x0000000088b00000, 0x0000000088b00000, 0x0000000088c00000|  0%| F|  |TAMS 0x0000000088b00000, 0x0000000088b00000| Untracked 
| 140|0x0000000088c00000, 0x0000000088c00000, 0x0000000088d00000|  0%| F|  |TAMS 0x0000000088c00000, 0x0000000088c00000| Untracked 
| 141|0x0000000088d00000, 0x0000000088d00000, 0x0000000088e00000|  0%| F|  |TAMS 0x0000000088d00000, 0x0000000088d00000| Untracked 
| 142|0x0000000088e00000, 0x0000000088e00000, 0x0000000088f00000|  0%| F|  |TAMS 0x0000000088e00000, 0x0000000088e00000| Untracked 
| 143|0x0000000088f00000, 0x0000000088f00000, 0x0000000089000000|  0%| F|  |TAMS 0x0000000088f00000, 0x0000000088f00000| Untracked 
| 144|0x0000000089000000, 0x0000000089000000, 0x0000000089100000|  0%| F|  |TAMS 0x0000000089000000, 0x0000000089000000| Untracked 
| 145|0x0000000089100000, 0x0000000089100000, 0x0000000089200000|  0%| F|  |TAMS 0x0000000089100000, 0x0000000089100000| Untracked 
| 146|0x0000000089200000, 0x0000000089200000, 0x0000000089300000|  0%| F|  |TAMS 0x0000000089200000, 0x0000000089200000| Untracked 
| 147|0x0000000089300000, 0x0000000089300000, 0x0000000089400000|  0%| F|  |TAMS 0x0000000089300000, 0x0000000089300000| Untracked 
| 148|0x0000000089400000, 0x0000000089400000, 0x0000000089500000|  0%| F|  |TAMS 0x0000000089400000, 0x0000000089400000| Untracked 
| 149|0x0000000089500000, 0x000000008952a6c8, 0x0000000089600000| 16%| S|CS|TAMS 0x0000000089500000, 0x0000000089500000| Complete 
| 150|0x0000000089600000, 0x0000000089700000, 0x0000000089700000|100%| S|CS|TAMS 0x0000000089600000, 0x0000000089600000| Complete 
| 151|0x0000000089700000, 0x0000000089800000, 0x0000000089800000|100%| S|CS|TAMS 0x0000000089700000, 0x0000000089700000| Complete 
| 152|0x0000000089800000, 0x0000000089900000, 0x0000000089900000|100%| S|CS|TAMS 0x0000000089800000, 0x0000000089800000| Complete 
| 153|0x0000000089900000, 0x0000000089a00000, 0x0000000089a00000|100%| S|CS|TAMS 0x0000000089900000, 0x0000000089900000| Complete 
| 154|0x0000000089a00000, 0x0000000089b00000, 0x0000000089b00000|100%| S|CS|TAMS 0x0000000089a00000, 0x0000000089a00000| Complete 
| 155|0x0000000089b00000, 0x0000000089c00000, 0x0000000089c00000|100%| S|CS|TAMS 0x0000000089b00000, 0x0000000089b00000| Complete 
| 156|0x0000000089c00000, 0x0000000089c00000, 0x0000000089d00000|  0%| F|  |TAMS 0x0000000089c00000, 0x0000000089c00000| Untracked 
| 157|0x0000000089d00000, 0x0000000089d00000, 0x0000000089e00000|  0%| F|  |TAMS 0x0000000089d00000, 0x0000000089d00000| Untracked 
| 158|0x0000000089e00000, 0x0000000089e00000, 0x0000000089f00000|  0%| F|  |TAMS 0x0000000089e00000, 0x0000000089e00000| Untracked 
| 159|0x0000000089f00000, 0x0000000089f00000, 0x000000008a000000|  0%| F|  |TAMS 0x0000000089f00000, 0x0000000089f00000| Untracked 
| 160|0x000000008a000000, 0x000000008a000000, 0x000000008a100000|  0%| F|  |TAMS 0x000000008a000000, 0x000000008a000000| Untracked 
| 161|0x000000008a100000, 0x000000008a100000, 0x000000008a200000|  0%| F|  |TAMS 0x000000008a100000, 0x000000008a100000| Untracked 
| 162|0x000000008a200000, 0x000000008a200000, 0x000000008a300000|  0%| F|  |TAMS 0x000000008a200000, 0x000000008a200000| Untracked 
| 163|0x000000008a300000, 0x000000008a300000, 0x000000008a400000|  0%| F|  |TAMS 0x000000008a300000, 0x000000008a300000| Untracked 
| 164|0x000000008a400000, 0x000000008a400000, 0x000000008a500000|  0%| F|  |TAMS 0x000000008a400000, 0x000000008a400000| Untracked 
| 165|0x000000008a500000, 0x000000008a500000, 0x000000008a600000|  0%| F|  |TAMS 0x000000008a500000, 0x000000008a500000| Untracked 
| 166|0x000000008a600000, 0x000000008a6d93f0, 0x000000008a700000| 84%| E|  |TAMS 0x000000008a600000, 0x000000008a600000| Complete 
| 167|0x000000008a700000, 0x000000008a800000, 0x000000008a800000|100%| E|CS|TAMS 0x000000008a700000, 0x000000008a700000| Complete 
| 168|0x000000008a800000, 0x000000008a900000, 0x000000008a900000|100%| E|CS|TAMS 0x000000008a800000, 0x000000008a800000| Complete 
| 169|0x000000008a900000, 0x000000008aa00000, 0x000000008aa00000|100%| E|CS|TAMS 0x000000008a900000, 0x000000008a900000| Complete 
| 170|0x000000008aa00000, 0x000000008ab00000, 0x000000008ab00000|100%| E|CS|TAMS 0x000000008aa00000, 0x000000008aa00000| Complete 
| 171|0x000000008ab00000, 0x000000008ac00000, 0x000000008ac00000|100%| E|CS|TAMS 0x000000008ab00000, 0x000000008ab00000| Complete 
| 172|0x000000008ac00000, 0x000000008ad00000, 0x000000008ad00000|100%| E|CS|TAMS 0x000000008ac00000, 0x000000008ac00000| Complete 
| 173|0x000000008ad00000, 0x000000008ae00000, 0x000000008ae00000|100%| E|CS|TAMS 0x000000008ad00000, 0x000000008ad00000| Complete 
| 174|0x000000008ae00000, 0x000000008af00000, 0x000000008af00000|100%| E|CS|TAMS 0x000000008ae00000, 0x000000008ae00000| Complete 
| 175|0x000000008af00000, 0x000000008b000000, 0x000000008b000000|100%| E|CS|TAMS 0x000000008af00000, 0x000000008af00000| Complete 
| 176|0x000000008b000000, 0x000000008b100000, 0x000000008b100000|100%| E|CS|TAMS 0x000000008b000000, 0x000000008b000000| Complete 
| 177|0x000000008b100000, 0x000000008b200000, 0x000000008b200000|100%| E|CS|TAMS 0x000000008b100000, 0x000000008b100000| Complete 
| 178|0x000000008b200000, 0x000000008b300000, 0x000000008b300000|100%| E|CS|TAMS 0x000000008b200000, 0x000000008b200000| Complete 
| 179|0x000000008b300000, 0x000000008b400000, 0x000000008b400000|100%| E|CS|TAMS 0x000000008b300000, 0x000000008b300000| Complete 
| 180|0x000000008b400000, 0x000000008b500000, 0x000000008b500000|100%| E|CS|TAMS 0x000000008b400000, 0x000000008b400000| Complete 
| 181|0x000000008b500000, 0x000000008b600000, 0x000000008b600000|100%| E|CS|TAMS 0x000000008b500000, 0x000000008b500000| Complete 
| 182|0x000000008b600000, 0x000000008b700000, 0x000000008b700000|100%| E|CS|TAMS 0x000000008b600000, 0x000000008b600000| Complete 
| 183|0x000000008b700000, 0x000000008b800000, 0x000000008b800000|100%| E|CS|TAMS 0x000000008b700000, 0x000000008b700000| Complete 
| 184|0x000000008b800000, 0x000000008b900000, 0x000000008b900000|100%| E|CS|TAMS 0x000000008b800000, 0x000000008b800000| Complete 
| 185|0x000000008b900000, 0x000000008ba00000, 0x000000008ba00000|100%| E|CS|TAMS 0x000000008b900000, 0x000000008b900000| Complete 
| 186|0x000000008ba00000, 0x000000008bb00000, 0x000000008bb00000|100%| E|CS|TAMS 0x000000008ba00000, 0x000000008ba00000| Complete 
| 187|0x000000008bb00000, 0x000000008bc00000, 0x000000008bc00000|100%| E|CS|TAMS 0x000000008bb00000, 0x000000008bb00000| Complete 
| 188|0x000000008bc00000, 0x000000008bd00000, 0x000000008bd00000|100%| E|CS|TAMS 0x000000008bc00000, 0x000000008bc00000| Complete 
| 189|0x000000008bd00000, 0x000000008be00000, 0x000000008be00000|100%| E|CS|TAMS 0x000000008bd00000, 0x000000008bd00000| Complete 
| 190|0x000000008be00000, 0x000000008bf00000, 0x000000008bf00000|100%| E|CS|TAMS 0x000000008be00000, 0x000000008be00000| Complete 
| 191|0x000000008bf00000, 0x000000008c000000, 0x000000008c000000|100%| E|CS|TAMS 0x000000008bf00000, 0x000000008bf00000| Complete 
| 192|0x000000008c000000, 0x000000008c100000, 0x000000008c100000|100%| E|CS|TAMS 0x000000008c000000, 0x000000008c000000| Complete 
| 193|0x000000008c100000, 0x000000008c200000, 0x000000008c200000|100%| E|CS|TAMS 0x000000008c100000, 0x000000008c100000| Complete 
| 194|0x000000008c200000, 0x000000008c300000, 0x000000008c300000|100%| E|CS|TAMS 0x000000008c200000, 0x000000008c200000| Complete 
| 195|0x000000008c300000, 0x000000008c400000, 0x000000008c400000|100%| E|CS|TAMS 0x000000008c300000, 0x000000008c300000| Complete 
| 196|0x000000008c400000, 0x000000008c500000, 0x000000008c500000|100%| E|CS|TAMS 0x000000008c400000, 0x000000008c400000| Complete 
| 197|0x000000008c500000, 0x000000008c600000, 0x000000008c600000|100%| E|CS|TAMS 0x000000008c500000, 0x000000008c500000| Complete 
| 198|0x000000008c600000, 0x000000008c700000, 0x000000008c700000|100%| E|CS|TAMS 0x000000008c600000, 0x000000008c600000| Complete 
| 199|0x000000008c700000, 0x000000008c800000, 0x000000008c800000|100%| E|CS|TAMS 0x000000008c700000, 0x000000008c700000| Complete 
| 200|0x000000008c800000, 0x000000008c900000, 0x000000008c900000|100%| E|CS|TAMS 0x000000008c800000, 0x000000008c800000| Complete 
| 201|0x000000008c900000, 0x000000008ca00000, 0x000000008ca00000|100%| E|CS|TAMS 0x000000008c900000, 0x000000008c900000| Complete 
| 202|0x000000008ca00000, 0x000000008cb00000, 0x000000008cb00000|100%| E|CS|TAMS 0x000000008ca00000, 0x000000008ca00000| Complete 
| 203|0x000000008cb00000, 0x000000008cc00000, 0x000000008cc00000|100%| E|CS|TAMS 0x000000008cb00000, 0x000000008cb00000| Complete 
| 204|0x000000008cc00000, 0x000000008cd00000, 0x000000008cd00000|100%| E|CS|TAMS 0x000000008cc00000, 0x000000008cc00000| Complete 
| 205|0x000000008cd00000, 0x000000008ce00000, 0x000000008ce00000|100%| E|CS|TAMS 0x000000008cd00000, 0x000000008cd00000| Complete 
| 206|0x000000008ce00000, 0x000000008cf00000, 0x000000008cf00000|100%| E|CS|TAMS 0x000000008ce00000, 0x000000008ce00000| Complete 
| 207|0x000000008cf00000, 0x000000008d000000, 0x000000008d000000|100%| E|CS|TAMS 0x000000008cf00000, 0x000000008cf00000| Complete 
| 208|0x000000008d000000, 0x000000008d100000, 0x000000008d100000|100%| E|CS|TAMS 0x000000008d000000, 0x000000008d000000| Complete 
| 209|0x000000008d100000, 0x000000008d200000, 0x000000008d200000|100%| E|CS|TAMS 0x000000008d100000, 0x000000008d100000| Complete 
| 210|0x000000008d200000, 0x000000008d300000, 0x000000008d300000|100%| E|CS|TAMS 0x000000008d200000, 0x000000008d200000| Complete 
| 211|0x000000008d300000, 0x000000008d400000, 0x000000008d400000|100%| E|CS|TAMS 0x000000008d300000, 0x000000008d300000| Complete 
| 212|0x000000008d400000, 0x000000008d500000, 0x000000008d500000|100%| E|CS|TAMS 0x000000008d400000, 0x000000008d400000| Complete 
| 213|0x000000008d500000, 0x000000008d600000, 0x000000008d600000|100%| E|CS|TAMS 0x000000008d500000, 0x000000008d500000| Complete 
| 214|0x000000008d600000, 0x000000008d700000, 0x000000008d700000|100%| E|CS|TAMS 0x000000008d600000, 0x000000008d600000| Complete 
| 215|0x000000008d700000, 0x000000008d800000, 0x000000008d800000|100%| E|CS|TAMS 0x000000008d700000, 0x000000008d700000| Complete 
| 216|0x000000008d800000, 0x000000008d900000, 0x000000008d900000|100%| E|CS|TAMS 0x000000008d800000, 0x000000008d800000| Complete 
| 217|0x000000008d900000, 0x000000008da00000, 0x000000008da00000|100%| E|CS|TAMS 0x000000008d900000, 0x000000008d900000| Complete 
| 218|0x000000008da00000, 0x000000008db00000, 0x000000008db00000|100%| E|CS|TAMS 0x000000008da00000, 0x000000008da00000| Complete 
| 219|0x000000008db00000, 0x000000008dc00000, 0x000000008dc00000|100%| E|CS|TAMS 0x000000008db00000, 0x000000008db00000| Complete 
| 220|0x000000008dc00000, 0x000000008dd00000, 0x000000008dd00000|100%| E|CS|TAMS 0x000000008dc00000, 0x000000008dc00000| Complete 
| 221|0x000000008dd00000, 0x000000008de00000, 0x000000008de00000|100%| E|CS|TAMS 0x000000008dd00000, 0x000000008dd00000| Complete 
| 222|0x000000008de00000, 0x000000008df00000, 0x000000008df00000|100%| E|CS|TAMS 0x000000008de00000, 0x000000008de00000| Complete 
| 223|0x000000008df00000, 0x000000008e000000, 0x000000008e000000|100%| E|CS|TAMS 0x000000008df00000, 0x000000008df00000| Complete 
| 224|0x000000008e000000, 0x000000008e100000, 0x000000008e100000|100%| E|CS|TAMS 0x000000008e000000, 0x000000008e000000| Complete 
| 225|0x000000008e100000, 0x000000008e200000, 0x000000008e200000|100%| E|CS|TAMS 0x000000008e100000, 0x000000008e100000| Complete 
| 226|0x000000008e200000, 0x000000008e300000, 0x000000008e300000|100%| E|CS|TAMS 0x000000008e200000, 0x000000008e200000| Complete 
| 227|0x000000008e300000, 0x000000008e400000, 0x000000008e400000|100%| E|CS|TAMS 0x000000008e300000, 0x000000008e300000| Complete 
| 228|0x000000008e400000, 0x000000008e500000, 0x000000008e500000|100%| E|CS|TAMS 0x000000008e400000, 0x000000008e400000| Complete 
| 229|0x000000008e500000, 0x000000008e600000, 0x000000008e600000|100%| E|CS|TAMS 0x000000008e500000, 0x000000008e500000| Complete 
| 230|0x000000008e600000, 0x000000008e700000, 0x000000008e700000|100%| E|CS|TAMS 0x000000008e600000, 0x000000008e600000| Complete 
| 231|0x000000008e700000, 0x000000008e800000, 0x000000008e800000|100%| E|CS|TAMS 0x000000008e700000, 0x000000008e700000| Complete 
| 232|0x000000008e800000, 0x000000008e900000, 0x000000008e900000|100%| E|CS|TAMS 0x000000008e800000, 0x000000008e800000| Complete 
| 233|0x000000008e900000, 0x000000008ea00000, 0x000000008ea00000|100%| E|CS|TAMS 0x000000008e900000, 0x000000008e900000| Complete 
| 234|0x000000008ea00000, 0x000000008eb00000, 0x000000008eb00000|100%| E|CS|TAMS 0x000000008ea00000, 0x000000008ea00000| Complete 
| 235|0x000000008eb00000, 0x000000008ec00000, 0x000000008ec00000|100%| E|CS|TAMS 0x000000008eb00000, 0x000000008eb00000| Complete 
| 236|0x000000008ec00000, 0x000000008ed00000, 0x000000008ed00000|100%| E|CS|TAMS 0x000000008ec00000, 0x000000008ec00000| Complete 
| 237|0x000000008ed00000, 0x000000008ee00000, 0x000000008ee00000|100%| E|CS|TAMS 0x000000008ed00000, 0x000000008ed00000| Complete 
| 238|0x000000008ee00000, 0x000000008ef00000, 0x000000008ef00000|100%| E|CS|TAMS 0x000000008ee00000, 0x000000008ee00000| Complete 
| 239|0x000000008ef00000, 0x000000008f000000, 0x000000008f000000|100%| E|CS|TAMS 0x000000008ef00000, 0x000000008ef00000| Complete 
| 240|0x000000008f000000, 0x000000008f100000, 0x000000008f100000|100%| E|CS|TAMS 0x000000008f000000, 0x000000008f000000| Complete 
| 241|0x000000008f100000, 0x000000008f200000, 0x000000008f200000|100%| E|CS|TAMS 0x000000008f100000, 0x000000008f100000| Complete 
| 242|0x000000008f200000, 0x000000008f300000, 0x000000008f300000|100%| E|CS|TAMS 0x000000008f200000, 0x000000008f200000| Complete 
| 243|0x000000008f300000, 0x000000008f400000, 0x000000008f400000|100%| E|CS|TAMS 0x000000008f300000, 0x000000008f300000| Complete 
| 244|0x000000008f400000, 0x000000008f500000, 0x000000008f500000|100%| E|CS|TAMS 0x000000008f400000, 0x000000008f400000| Complete 
| 245|0x000000008f500000, 0x000000008f600000, 0x000000008f600000|100%| E|CS|TAMS 0x000000008f500000, 0x000000008f500000| Complete 
| 246|0x000000008f600000, 0x000000008f700000, 0x000000008f700000|100%| E|CS|TAMS 0x000000008f600000, 0x000000008f600000| Complete 
| 247|0x000000008f700000, 0x000000008f800000, 0x000000008f800000|100%| E|CS|TAMS 0x000000008f700000, 0x000000008f700000| Complete 
| 248|0x000000008f800000, 0x000000008f900000, 0x000000008f900000|100%| E|CS|TAMS 0x000000008f800000, 0x000000008f800000| Complete 
| 249|0x000000008f900000, 0x000000008fa00000, 0x000000008fa00000|100%| E|CS|TAMS 0x000000008f900000, 0x000000008f900000| Complete 
| 250|0x000000008fa00000, 0x000000008fb00000, 0x000000008fb00000|100%| E|CS|TAMS 0x000000008fa00000, 0x000000008fa00000| Complete 
| 251|0x000000008fb00000, 0x000000008fc00000, 0x000000008fc00000|100%| E|CS|TAMS 0x000000008fb00000, 0x000000008fb00000| Complete 
| 252|0x000000008fc00000, 0x000000008fd00000, 0x000000008fd00000|100%| E|CS|TAMS 0x000000008fc00000, 0x000000008fc00000| Complete 
| 253|0x000000008fd00000, 0x000000008fe00000, 0x000000008fe00000|100%| E|CS|TAMS 0x000000008fd00000, 0x000000008fd00000| Complete 

Card table byte_map: [0x0000017475410000,0x0000017475810000] _byte_map_base: 0x0000017475010000

Marking Bits (Prev, Next): (CMBitMap*) 0x00000174622416a8, (CMBitMap*) 0x00000174622416e0
 Prev Bits: [0x0000017475c10000, 0x0000017477c10000)
 Next Bits: [0x0000017477c10000, 0x0000017479c10000)

Polling page: 0x000001745ffc0000

Metaspace:

Usage:
  Non-class:     67.90 MB capacity,    66.65 MB ( 98%) used,     1.04 MB (  2%) free+waste,   210.13 KB ( <1%) overhead. 
      Class:     10.78 MB capacity,    10.08 MB ( 93%) used,   619.99 KB (  6%) free+waste,    98.44 KB ( <1%) overhead. 
       Both:     78.69 MB capacity,    76.74 MB ( 98%) used,     1.65 MB (  2%) free+waste,   308.56 KB ( <1%) overhead. 

Virtual space:
  Non-class space:       68.00 MB reserved,      68.00 MB (100%) committed 
      Class space:        1.00 GB reserved,      10.82 MB (  1%) committed 
             Both:        1.07 GB reserved,      78.82 MB (  7%) committed 

Chunk freelists:
   Non-Class:  35.00 KB
       Class:  0 bytes
        Both:  35.00 KB

MaxMetaspaceSize: 17179869184.00 GB
CompressedClassSpaceSize: 1.00 GB

CodeHeap 'non-profiled nmethods': size=120000Kb used=4862Kb max_used=4862Kb free=115137Kb
 bounds [0x000001746d7b0000, 0x000001746dc70000, 0x0000017474ce0000]
CodeHeap 'profiled nmethods': size=120000Kb used=17105Kb max_used=17105Kb free=102894Kb
 bounds [0x0000017466280000, 0x0000017467340000, 0x000001746d7b0000]
CodeHeap 'non-nmethods': size=5760Kb used=2276Kb max_used=2332Kb free=3484Kb
 bounds [0x0000017465ce0000, 0x0000017465f50000, 0x0000017466280000]
 total_blobs=8806 nmethods=7934 adapters=781
 compilation: enabled
              stopped_count=0, restarted_count=0
 full_count=0

Compilation events (20 events):
Event: 12.749 Thread 0x000001747cf4a800 7830       3       com.google.common.collect.ImmutableList::indexOf (14 bytes)
Event: 12.749 Thread 0x000001747cf4a800 nmethod 7830 0x00000174672e6d10 code [0x00000174672e6ec0, 0x00000174672e7048]
Event: 12.749 Thread 0x000001747cf4a800 7831       3       com.google.common.collect.Lists::indexOfRandomAccess (70 bytes)
Event: 12.750 Thread 0x000001747cf4a800 nmethod 7831 0x00000174672e7110 code [0x00000174672e7320, 0x00000174672e7978]
Event: 12.750 Thread 0x000001747db04800 nmethod 7673 0x000001746dc67910 code [0x000001746dc67aa0, 0x000001746dc67b78]
Event: 12.753 Thread 0x000001747db04800 7832       4       java.util.ArrayList::toArray (12 bytes)
Event: 12.754 Thread 0x000001747cf4a800 7833       3       org.gradle.internal.component.external.model.GradleDependencyMetadata::selectConfigurations (16 bytes)
Event: 12.755 Thread 0x000001747cf4a800 nmethod 7833 0x00000174672e7b90 code [0x00000174672e7e20, 0x00000174672e8a28]
Event: 12.755 Thread 0x000001747cf4a800 7834       1       org.gradle.internal.component.external.model.AbstractMutableModuleComponentResolveMetadata$ImmutableVariantImpl::isExternalVariant (5 bytes)
Event: 12.755 Thread 0x000001747cf4a800 nmethod 7834 0x000001746dc67c10 code [0x000001746dc67dc0, 0x000001746dc67e78]
Event: 12.755 Thread 0x000001747cf4a800 7835       3       java.util.Comparator$$Lambda$427/0x0000000100601c40::compare (14 bytes)
Event: 12.755 Thread 0x000001747cf4a800 nmethod 7835 0x00000174672e8e90 code [0x00000174672e9080, 0x00000174672e9438]
Event: 12.755 Thread 0x000001747cf4a800 7836       3       java.util.Comparator::lambda$thenComparing$36697e65$1 (29 bytes)
Event: 12.756 Thread 0x000001747cf4a800 nmethod 7836 0x00000174672e9590 code [0x00000174672e9760, 0x00000174672e9a58]
Event: 12.756 Thread 0x000001747db04800 nmethod 7832 0x000001746dc67f10 code [0x000001746dc680a0, 0x000001746dc682b8]
Event: 12.756 Thread 0x000001747db04800 7837       4       java.util.Comparator$$Lambda$124/0x000000010029c040::compare (10 bytes)
Event: 12.757 Thread 0x000001747cf4a800 7838       3       org.gradle.api.internal.artifacts.ivyservice.resolveengine.graph.builder.ResolveState::peek (29 bytes)
Event: 12.757 Thread 0x000001747cf4a800 nmethod 7838 0x00000174672e9b90 code [0x00000174672e9d60, 0x00000174672ea138]
Event: 12.759 Thread 0x000001747cf4a800 7839       3       org.gradle.api.internal.artifacts.ResolvedConfigurationIdentifier::equals (57 bytes)
Event: 12.759 Thread 0x000001747db04800 nmethod 7837 0x000001746dc68410 code [0x000001746dc685c0, 0x000001746dc688f8]

GC Heap History (18 events):
Event: 0.737 GC heap before
{Heap before GC invocations=0 (full 0):
 garbage-first heap   total 260096K, used 29696K [0x0000000080000000, 0x0000000100000000)
  region size 1024K, 24 young (24576K), 0 survivors (0K)
 Metaspace       used 10178K, capacity 10359K, committed 10624K, reserved 1058816K
  class space    used 1065K, capacity 1141K, committed 1152K, reserved 1048576K
}
Event: 0.741 GC heap after
{Heap after GC invocations=1 (full 0):
 garbage-first heap   total 260096K, used 9185K [0x0000000080000000, 0x0000000100000000)
  region size 1024K, 3 young (3072K), 3 survivors (3072K)
 Metaspace       used 10178K, capacity 10359K, committed 10624K, reserved 1058816K
  class space    used 1065K, capacity 1141K, committed 1152K, reserved 1048576K
}
Event: 2.800 GC heap before
{Heap before GC invocations=1 (full 0):
 garbage-first heap   total 260096K, used 105441K [0x0000000080000000, 0x0000000100000000)
  region size 1024K, 98 young (100352K), 3 survivors (3072K)
 Metaspace       used 20610K, capacity 21124K, committed 21248K, reserved 1067008K
  class space    used 2523K, capacity 2722K, committed 2816K, reserved 1048576K
}
Event: 2.810 GC heap after
{Heap after GC invocations=2 (full 0):
 garbage-first heap   total 260096K, used 16465K [0x0000000080000000, 0x0000000100000000)
  region size 1024K, 11 young (11264K), 11 survivors (11264K)
 Metaspace       used 20610K, capacity 21124K, committed 21248K, reserved 1067008K
  class space    used 2523K, capacity 2722K, committed 2816K, reserved 1048576K
}
Event: 3.862 GC heap before
{Heap before GC invocations=3 (full 0):
 garbage-first heap   total 260096K, used 83025K [0x0000000080000000, 0x0000000100000000)
  region size 1024K, 77 young (78848K), 11 survivors (11264K)
 Metaspace       used 26852K, capacity 27515K, committed 27648K, reserved 1073152K
  class space    used 3547K, capacity 3795K, committed 3840K, reserved 1048576K
}
Event: 3.871 GC heap after
{Heap after GC invocations=4 (full 0):
 garbage-first heap   total 260096K, used 18729K [0x0000000080000000, 0x0000000100000000)
  region size 1024K, 3 young (3072K), 3 survivors (3072K)
 Metaspace       used 26852K, capacity 27515K, committed 27648K, reserved 1073152K
  class space    used 3547K, capacity 3795K, committed 3840K, reserved 1048576K
}
Event: 4.737 GC heap before
{Heap before GC invocations=4 (full 0):
 garbage-first heap   total 260096K, used 62761K [0x0000000080000000, 0x0000000100000000)
  region size 1024K, 47 young (48128K), 3 survivors (3072K)
 Metaspace       used 35035K, capacity 35830K, committed 35840K, reserved 1081344K
  class space    used 4545K, capacity 4864K, committed 4864K, reserved 1048576K
}
Event: 4.746 GC heap after
{Heap after GC invocations=5 (full 0):
 garbage-first heap   total 260096K, used 21655K [0x0000000080000000, 0x0000000100000000)
  region size 1024K, 6 young (6144K), 6 survivors (6144K)
 Metaspace       used 35035K, capacity 35830K, committed 35840K, reserved 1081344K
  class space    used 4545K, capacity 4864K, committed 4864K, reserved 1048576K
}
Event: 6.162 GC heap before
{Heap before GC invocations=6 (full 0):
 garbage-first heap   total 260096K, used 140439K [0x0000000080000000, 0x0000000100000000)
  region size 1024K, 119 young (121856K), 6 survivors (6144K)
 Metaspace       used 44177K, capacity 45203K, committed 45260K, reserved 1089536K
  class space    used 5673K, capacity 6037K, committed 6092K, reserved 1048576K
}
Event: 6.172 GC heap after
{Heap after GC invocations=7 (full 0):
 garbage-first heap   total 260096K, used 28775K [0x0000000080000000, 0x0000000100000000)
  region size 1024K, 13 young (13312K), 13 survivors (13312K)
 Metaspace       used 44177K, capacity 45203K, committed 45260K, reserved 1089536K
  class space    used 5673K, capacity 6037K, committed 6092K, reserved 1048576K
}
Event: 9.277 GC heap before
{Heap before GC invocations=7 (full 0):
 garbage-first heap   total 260096K, used 169063K [0x0000000080000000, 0x0000000100000000)
  region size 1024K, 147 young (150528K), 13 survivors (13312K)
 Metaspace       used 58003K, capacity 59560K, committed 59724K, reserved 1101824K
  class space    used 7382K, capacity 7943K, committed 8012K, reserved 1048576K
}
Event: 9.293 GC heap after
{Heap after GC invocations=8 (full 0):
 garbage-first heap   total 260096K, used 42728K [0x0000000080000000, 0x0000000100000000)
  region size 1024K, 19 young (19456K), 19 survivors (19456K)
 Metaspace       used 58003K, capacity 59560K, committed 59724K, reserved 1101824K
  class space    used 7382K, capacity 7943K, committed 8012K, reserved 1048576K
}
Event: 9.324 GC heap before
{Heap before GC invocations=8 (full 0):
 garbage-first heap   total 260096K, used 44776K [0x0000000080000000, 0x0000000100000000)
  region size 1024K, 22 young (22528K), 19 survivors (19456K)
 Metaspace       used 58633K, capacity 60171K, committed 60236K, reserved 1101824K
  class space    used 7440K, capacity 7976K, committed 8012K, reserved 1048576K
}
Event: 9.354 GC heap after
{Heap after GC invocations=9 (full 0):
 garbage-first heap   total 260096K, used 45816K [0x0000000080000000, 0x0000000100000000)
  region size 1024K, 3 young (3072K), 3 survivors (3072K)
 Metaspace       used 58633K, capacity 60171K, committed 60236K, reserved 1101824K
  class space    used 7440K, capacity 7976K, committed 8012K, reserved 1048576K
}
Event: 10.227 GC heap before
{Heap before GC invocations=10 (full 0):
 garbage-first heap   total 260096K, used 130808K [0x0000000080000000, 0x0000000100000000)
  region size 1024K, 86 young (88064K), 3 survivors (3072K)
 Metaspace       used 63544K, capacity 65159K, committed 65356K, reserved 1105920K
  class space    used 8092K, capacity 8662K, committed 8780K, reserved 1048576K
}
Event: 10.235 GC heap after
{Heap after GC invocations=11 (full 0):
 garbage-first heap   total 260096K, used 51269K [0x0000000080000000, 0x0000000100000000)
  region size 1024K, 9 young (9216K), 9 survivors (9216K)
 Metaspace       used 63544K, capacity 65159K, committed 65356K, reserved 1105920K
  class space    used 8092K, capacity 8662K, committed 8780K, reserved 1048576K
}
Event: 11.367 GC heap before
{Heap before GC invocations=12 (full 0):
 garbage-first heap   total 260096K, used 142405K [0x0000000080000000, 0x0000000100000000)
  region size 1024K, 98 young (100352K), 9 survivors (9216K)
 Metaspace       used 70194K, capacity 71928K, committed 72012K, reserved 1112064K
  class space    used 9127K, capacity 9755K, committed 9804K, reserved 1048576K
}
Event: 11.377 GC heap after
{Heap after GC invocations=13 (full 0):
 garbage-first heap   total 260096K, used 57099K [0x0000000080000000, 0x0000000100000000)
  region size 1024K, 7 young (7168K), 7 survivors (7168K)
 Metaspace       used 70194K, capacity 71928K, committed 72012K, reserved 1112064K
  class space    used 9127K, capacity 9755K, committed 9804K, reserved 1048576K
}

Deoptimization events (20 events):
Event: 12.493 Thread 0x00000174001b6800 Uncommon trap: trap_request=0xffffffc6 fr.pc=0x000001746d975a60 relative=0x0000000000000480
Event: 12.493 Thread 0x00000174001b6800 Uncommon trap: reason=bimorphic_or_optimized_type_check action=maybe_recompile pc=0x000001746d975a60 method=java.util.Collections$SetFromMap.remove(Ljava/lang/Object;)Z @ 5 c2
Event: 12.493 Thread 0x00000174001b6800 DEOPT PACKING pc=0x000001746d975a60 sp=0x00000012611fe730
Event: 12.493 Thread 0x00000174001b6800 DEOPT UNPACKING pc=0x0000017465d078af sp=0x00000012611fe728 mode 2
Event: 12.508 Thread 0x00000174001b9000 Uncommon trap: trap_request=0xffffffc6 fr.pc=0x000001746db54b6c relative=0x000000000000066c
Event: 12.508 Thread 0x00000174001b9000 Uncommon trap: reason=bimorphic_or_optimized_type_check action=maybe_recompile pc=0x000001746db54b6c method=java.util.Arrays.binarySearch0([Ljava/lang/Object;IILjava/lang/Object;Ljava/util/Comparator;)I @ 48 c2
Event: 12.508 Thread 0x00000174001b9000 DEOPT PACKING pc=0x000001746db54b6c sp=0x00000012615fe3f0
Event: 12.508 Thread 0x00000174001b9000 DEOPT UNPACKING pc=0x0000017465d078af sp=0x00000012615fe370 mode 2
Event: 12.508 Thread 0x00000174001b9000 Uncommon trap: trap_request=0xffffffc6 fr.pc=0x000001746db54b6c relative=0x000000000000066c
Event: 12.508 Thread 0x00000174001b9000 Uncommon trap: reason=bimorphic_or_optimized_type_check action=maybe_recompile pc=0x000001746db54b6c method=java.util.Arrays.binarySearch0([Ljava/lang/Object;IILjava/lang/Object;Ljava/util/Comparator;)I @ 48 c2
Event: 12.508 Thread 0x00000174001b9000 DEOPT PACKING pc=0x000001746db54b6c sp=0x00000012615fe3f0
Event: 12.508 Thread 0x00000174001b9000 DEOPT UNPACKING pc=0x0000017465d078af sp=0x00000012615fe370 mode 2
Event: 12.508 Thread 0x00000174001b9000 Uncommon trap: trap_request=0xffffffc6 fr.pc=0x000001746db54b6c relative=0x000000000000066c
Event: 12.508 Thread 0x00000174001b9000 Uncommon trap: reason=bimorphic_or_optimized_type_check action=maybe_recompile pc=0x000001746db54b6c method=java.util.Arrays.binarySearch0([Ljava/lang/Object;IILjava/lang/Object;Ljava/util/Comparator;)I @ 48 c2
Event: 12.508 Thread 0x00000174001b9000 DEOPT PACKING pc=0x000001746db54b6c sp=0x00000012615fe3f0
Event: 12.508 Thread 0x00000174001b9000 DEOPT UNPACKING pc=0x0000017465d078af sp=0x00000012615fe370 mode 2
Event: 12.508 Thread 0x00000174001b9000 Uncommon trap: trap_request=0xffffffc6 fr.pc=0x000001746db54b6c relative=0x000000000000066c
Event: 12.508 Thread 0x00000174001b9000 Uncommon trap: reason=bimorphic_or_optimized_type_check action=maybe_recompile pc=0x000001746db54b6c method=java.util.Arrays.binarySearch0([Ljava/lang/Object;IILjava/lang/Object;Ljava/util/Comparator;)I @ 48 c2
Event: 12.508 Thread 0x00000174001b9000 DEOPT PACKING pc=0x000001746db54b6c sp=0x00000012615fe3f0
Event: 12.508 Thread 0x00000174001b9000 DEOPT UNPACKING pc=0x0000017465d078af sp=0x00000012615fe370 mode 2

Classes redefined (0 events):
No events

Internal exceptions (20 events):
Event: 12.261 Thread 0x000001747e4a0000 Exception <a 'java/lang/ClassNotFoundException'{0x000000008c68e180}: com/android/build/gradle/internal/api/ReadOnlyBaseConfigCustomizer> (0x000000008c68e180) thrown at [./src/hotspot/share/classfile/systemDictionary.cpp, line 231]
Event: 12.262 Thread 0x000001747e4a0000 Exception <a 'java/lang/ClassNotFoundException'{0x000000008c6b93b8}: com/android/build/gradle/internal/api/ReadOnlyBuildTypeCustomizer> (0x000000008c6b93b8) thrown at [./src/hotspot/share/classfile/systemDictionary.cpp, line 231]
Event: 12.268 Thread 0x000001747e4a0000 Exception <a 'java/lang/ClassNotFoundException'{0x000000008c422de0}: com/android/build/gradle/internal/api/ImmutableFlavorListBeanInfo> (0x000000008c422de0) thrown at [./src/hotspot/share/classfile/systemDictionary.cpp, line 231]
Event: 12.269 Thread 0x000001747e4a0000 Exception <a 'java/lang/ClassNotFoundException'{0x000000008c43e8c0}: com/android/build/gradle/internal/api/ImmutableFlavorListCustomizer> (0x000000008c43e8c0) thrown at [./src/hotspot/share/classfile/systemDictionary.cpp, line 231]
Event: 12.275 Thread 0x000001747e4a0000 Exception <a 'java/lang/ClassNotFoundException'{0x000000008c325498}: org/gradle/api/internal/file/collections/DefaultConfigurableFileCollectionBeanInfo> (0x000000008c325498) thrown at [./src/hotspot/share/classfile/systemDictionary.cpp, line 231]
Event: 12.275 Thread 0x000001747e4a0000 Exception <a 'java/lang/ClassNotFoundException'{0x000000008c33ec30}: org/gradle/api/internal/file/CompositeFileCollectionBeanInfo> (0x000000008c33ec30) thrown at [./src/hotspot/share/classfile/systemDictionary.cpp, line 231]
Event: 12.275 Thread 0x000001747e4a0000 Exception <a 'java/lang/ClassNotFoundException'{0x000000008c3585c8}: org/gradle/api/internal/file/CompositeFileCollectionCustomizer> (0x000000008c3585c8) thrown at [./src/hotspot/share/classfile/systemDictionary.cpp, line 231]
Event: 12.276 Thread 0x000001747e4a0000 Exception <a 'java/lang/ClassNotFoundException'{0x000000008c37dc90}: org/gradle/api/internal/file/collections/DefaultConfigurableFileCollectionCustomizer> (0x000000008c37dc90) thrown at [./src/hotspot/share/classfile/systemDictionary.cpp, line 231]
Event: 12.416 Thread 0x000001740004d800 Exception <a 'java/lang/NoSuchMethodError'{0x000000008b939820}: <clinit>> (0x000000008b939820) thrown at [./src/hotspot/share/prims/jni.cpp, line 1362]
Event: 12.417 Thread 0x000001740004d800 Exception <a 'java/lang/NoSuchMethodError'{0x000000008b943130}: <clinit>> (0x000000008b943130) thrown at [./src/hotspot/share/prims/jni.cpp, line 1362]
Event: 12.419 Thread 0x000001740004d800 Exception <a 'java/lang/NoSuchMethodError'{0x000000008b983ab8}: <clinit>> (0x000000008b983ab8) thrown at [./src/hotspot/share/prims/jni.cpp, line 1362]
Event: 12.421 Thread 0x000001740004d800 Exception <a 'java/lang/NoSuchMethodError'{0x000000008b9942f0}: <clinit>> (0x000000008b9942f0) thrown at [./src/hotspot/share/prims/jni.cpp, line 1362]
Event: 12.421 Thread 0x000001740004d800 Exception <a 'java/lang/NoSuchMethodError'{0x000000008b995808}: <clinit>> (0x000000008b995808) thrown at [./src/hotspot/share/prims/jni.cpp, line 1362]
Event: 12.441 Thread 0x00000174001b3000 Exception <a 'java/lang/NoSuchMethodError'{0x000000008b79db58}: <clinit>> (0x000000008b79db58) thrown at [./src/hotspot/share/prims/jni.cpp, line 1362]
Event: 12.445 Thread 0x00000174001b3000 Exception <a 'java/lang/NoSuchMethodError'{0x000000008b7b1f88}: <clinit>> (0x000000008b7b1f88) thrown at [./src/hotspot/share/prims/jni.cpp, line 1362]
Event: 12.447 Thread 0x00000174001b3000 Exception <a 'java/lang/NoSuchMethodError'{0x000000008b7e6558}: <clinit>> (0x000000008b7e6558) thrown at [./src/hotspot/share/prims/jni.cpp, line 1362]
Event: 12.494 Thread 0x000001740004d800 Exception <a 'java/lang/NoSuchMethodError'{0x000000008b43ea90}: <clinit>> (0x000000008b43ea90) thrown at [./src/hotspot/share/prims/jni.cpp, line 1362]
Event: 12.526 Thread 0x00000174001b6800 Exception <a 'java/lang/NoSuchMethodError'{0x000000008b3717a0}: 'java.lang.Object java.lang.invoke.Invokers$Holder.linkToTargetMethod(java.lang.Object, java.lang.Object, java.lang.Object, int, java.lang.Object, java.lang.Object)'> (0x000000008b3717a0) thrown at [./src/hotspot/share/interpreter/linkResolver.cpp, line 773]
Event: 12.535 Thread 0x00000174001b6800 Exception <a 'java/lang/IncompatibleClassChangeError'{0x000000008b3d0bc8}: Found class java.lang.Object, but interface was expected> (0x000000008b3d0bc8) thrown at [./src/hotspot/share/interpreter/linkResolver.cpp, line 839]
Event: 12.555 Thread 0x00000174001b6800 Exception <a 'java/lang/NoSuchMethodError'{0x000000008b1a0dc0}: 'int java.lang.invoke.DirectMethodHandle$Holder.invokeStaticInit(java.lang.Object, java.lang.Object, java.lang.Object, java.lang.Object, java.lang.Object)'> (0x000000008b1a0dc0) thrown at [./src/hotspot/share/interpreter/linkResolver.cpp, line 773]

Events (20 events):
Event: 12.644 loading class org/gradle/api/internal/artifacts/repositories/resolver/AbstractDependenciesMetadataAdapter
Event: 12.644 loading class org/gradle/api/internal/artifacts/repositories/resolver/AbstractDependenciesMetadataAdapter done
Event: 12.646 loading class org/gradle/api/artifacts/DirectDependenciesMetadata
Event: 12.646 loading class org/gradle/api/artifacts/DirectDependenciesMetadata done
Event: 12.646 loading class com/android/build/gradle/internal/dependency/AndroidXDependencySubstitution$replaceOldSupportLibraries$1$1$1$2
Event: 12.646 loading class com/android/build/gradle/internal/dependency/AndroidXDependencySubstitution$replaceOldSupportLibraries$1$1$1$2 done
Event: 12.652 loading class org/gradle/api/internal/artifacts/repositories/resolver/DirectDependencyMetadataAdapter
Event: 12.652 loading class org/gradle/api/internal/artifacts/repositories/resolver/DirectDependencyMetadataAdapter done
Event: 12.653 loading class org/gradle/api/internal/artifacts/repositories/resolver/AbstractDependencyMetadataAdapter
Event: 12.653 loading class org/gradle/api/internal/artifacts/repositories/resolver/AbstractDependencyMetadataAdapter done
Event: 12.654 loading class org/gradle/internal/component/external/model/ivy/IvyDependencyDescriptor
Event: 12.654 loading class org/gradle/internal/component/external/model/ivy/IvyDependencyDescriptor done
Event: 12.657 loading class org/gradle/api/artifacts/DirectDependencyMetadata
Event: 12.657 loading class org/gradle/api/artifacts/DirectDependencyMetadata done
Event: 12.693 loading class org/gradle/internal/component/model/IvyArtifactName
Event: 12.693 loading class org/gradle/internal/component/model/IvyArtifactName done
Event: 12.693 loading class org/gradle/api/internal/artifacts/ivyservice/dependencysubstitution/DefaultDependencyArtifactSelector
Event: 12.693 loading class org/gradle/api/internal/artifacts/ivyservice/dependencysubstitution/DefaultDependencyArtifactSelector done
Event: 12.694 loading class org/gradle/internal/component/model/IvyArtifactName
Event: 12.694 loading class org/gradle/internal/component/model/IvyArtifactName done


Dynamic libraries:
0x00007ff665380000 - 0x00007ff66538a000 	C:\Program Files\Android\Android Studio\jre\bin\java.exe
0x00007ffcb01e0000 - 0x00007ffcb03cd000 	C:\Windows\SYSTEM32\ntdll.dll
0x00007ffcae3a0000 - 0x00007ffcae453000 	C:\Windows\System32\KERNEL32.DLL
0x00007ffcacfa0000 - 0x00007ffcad233000 	C:\Windows\System32\KERNELBASE.dll
0x00007ffcad240000 - 0x00007ffcad33c000 	C:\Windows\System32\ucrtbase.dll
0x00007ffc9c8f0000 - 0x00007ffc9c909000 	C:\Program Files\Android\Android Studio\jre\bin\jli.dll
0x00007ffc952b0000 - 0x00007ffc952c7000 	C:\Program Files\Android\Android Studio\jre\bin\VCRUNTIME140.dll
0x00007ffcae700000 - 0x00007ffcae897000 	C:\Windows\System32\USER32.dll
0x00007ffc972e0000 - 0x00007ffc97559000 	C:\Windows\WinSxS\amd64_microsoft.windows.common-controls_6595b64144ccf1df_6.0.17763.107_none_05b63884071e656e\COMCTL32.dll
0x00007ffcacaa0000 - 0x00007ffcacac0000 	C:\Windows\System32\win32u.dll
0x00007ffcb0110000 - 0x00007ffcb01ae000 	C:\Windows\System32\msvcrt.dll
0x00007ffcad630000 - 0x00007ffcad659000 	C:\Windows\System32\GDI32.dll
0x00007ffcad660000 - 0x00007ffcad98e000 	C:\Windows\System32\combase.dll
0x00007ffcacdd0000 - 0x00007ffcacf6a000 	C:\Windows\System32\gdi32full.dll
0x00007ffcac2b0000 - 0x00007ffcac350000 	C:\Windows\System32\msvcp_win.dll
0x00007ffcae270000 - 0x00007ffcae393000 	C:\Windows\System32\RPCRT4.dll
0x00007ffcacb70000 - 0x00007ffcacbee000 	C:\Windows\System32\bcryptPrimitives.dll
0x00007ffcad990000 - 0x00007ffcad9be000 	C:\Windows\System32\IMM32.DLL
0x00007ffc7c6b0000 - 0x00007ffc7c74d000 	C:\Program Files\Android\Android Studio\jre\bin\msvcp140.dll
0x00007ffc5aac0000 - 0x00007ffc5b58f000 	C:\Program Files\Android\Android Studio\jre\bin\server\jvm.dll
0x00007ffcadec0000 - 0x00007ffcadf63000 	C:\Windows\System32\ADVAPI32.dll
0x00007ffcae160000 - 0x00007ffcae1fe000 	C:\Windows\System32\sechost.dll
0x00007ffcadf80000 - 0x00007ffcadf88000 	C:\Windows\System32\PSAPI.DLL
0x00007ffc98170000 - 0x00007ffc98179000 	C:\Windows\SYSTEM32\WSOCK32.dll
0x00007ffca71a0000 - 0x00007ffca71c4000 	C:\Windows\SYSTEM32\WINMM.dll
0x00007ffca99e0000 - 0x00007ffca99ea000 	C:\Windows\SYSTEM32\VERSION.dll
0x00007ffcae200000 - 0x00007ffcae26d000 	C:\Windows\System32\WS2_32.dll
0x00007ffca7150000 - 0x00007ffca717d000 	C:\Windows\SYSTEM32\WINMMBASE.dll
0x00007ffcad3a0000 - 0x00007ffcad3ea000 	C:\Windows\System32\cfgmgr32.dll
0x00007ffcac290000 - 0x00007ffcac2a1000 	C:\Windows\System32\kernel.appcore.dll
0x00007ffc9e2f0000 - 0x00007ffc9e301000 	C:\Program Files\Android\Android Studio\jre\bin\verify.dll
0x00007ffcabd20000 - 0x00007ffcabf0d000 	C:\Windows\SYSTEM32\DBGHELP.DLL
0x00007ffcabc30000 - 0x00007ffcabc5a000 	C:\Windows\SYSTEM32\dbgcore.DLL
0x00007ffc9e2c0000 - 0x00007ffc9e2e9000 	C:\Program Files\Android\Android Studio\jre\bin\java.dll
0x00007ffca6e90000 - 0x00007ffca6e9b000 	C:\Program Files\Android\Android Studio\jre\bin\jimage.dll
0x00007ffc9e2a0000 - 0x00007ffc9e2b8000 	C:\Program Files\Android\Android Studio\jre\bin\zip.dll
0x00007ffcaead0000 - 0x00007ffcaffbf000 	C:\Windows\System32\SHELL32.dll
0x00007ffcad470000 - 0x00007ffcad518000 	C:\Windows\System32\shcore.dll
0x00007ffcac350000 - 0x00007ffcaca98000 	C:\Windows\System32\windows.storage.dll
0x00007ffcac1e0000 - 0x00007ffcac204000 	C:\Windows\System32\profapi.dll
0x00007ffcac230000 - 0x00007ffcac28d000 	C:\Windows\System32\powrprof.dll
0x00007ffcae100000 - 0x00007ffcae152000 	C:\Windows\System32\shlwapi.dll
0x00007ffcad3f0000 - 0x00007ffcad407000 	C:\Windows\System32\cryptsp.dll
0x00007ffc9e280000 - 0x00007ffc9e29a000 	C:\Program Files\Android\Android Studio\jre\bin\net.dll
0x00007ffc9ffd0000 - 0x00007ffca00c1000 	C:\Windows\SYSTEM32\WINHTTP.dll
0x00007ffcab690000 - 0x00007ffcab6f7000 	C:\Windows\system32\mswsock.dll
0x00007ffc9e260000 - 0x00007ffc9e274000 	C:\Program Files\Android\Android Studio\jre\bin\nio.dll
0x00007ffca8370000 - 0x00007ffca8397000 	C:\Users\Tyler\.gradle\native\8bec1ad78214c89d9ad589b4d07fe93259594b29d510b10fafb7a158f7737e5d\windows-amd64\native-platform.dll
0x00007ffc7f260000 - 0x00007ffc7f39d000 	C:\Users\Tyler\.gradle\native\53dbd7edfb1c66fb8903c78663c9afc45aea4f116125fa6feffd364cf09443e8\windows-amd64\native-platform-file-events.dll
0x00007ffca63c0000 - 0x00007ffca63ca000 	C:\Program Files\Android\Android Studio\jre\bin\management.dll
0x00007ffca55d0000 - 0x00007ffca55dc000 	C:\Program Files\Android\Android Studio\jre\bin\management_ext.dll
0x00007ffcab250000 - 0x00007ffcab283000 	C:\Windows\system32\rsaenh.dll
0x00007ffcacf70000 - 0x00007ffcacf96000 	C:\Windows\System32\bcrypt.dll
0x00007ffcac110000 - 0x00007ffcac138000 	C:\Windows\SYSTEM32\USERENV.dll
0x00007ffcab860000 - 0x00007ffcab86c000 	C:\Windows\SYSTEM32\CRYPTBASE.dll
0x00007ffcab3f0000 - 0x00007ffcab42d000 	C:\Windows\SYSTEM32\IPHLPAPI.DLL
0x00007ffcae6f0000 - 0x00007ffcae6f8000 	C:\Windows\System32\NSI.dll
0x00007ffc9f8b0000 - 0x00007ffc9f8c6000 	C:\Windows\SYSTEM32\dhcpcsvc6.DLL
0x00007ffc9ffb0000 - 0x00007ffc9ffcc000 	C:\Windows\SYSTEM32\dhcpcsvc.DLL
0x00007ffcab430000 - 0x00007ffcab4f6000 	C:\Windows\SYSTEM32\DNSAPI.dll

dbghelp: loaded successfully - version: 4.0.5 - missing functions: none
symbol engine: initialized successfully - sym options: 0x614 - pdb path: .;C:\Program Files\Android\Android Studio\jre\bin;C:\Windows\SYSTEM32;C:\Windows\WinSxS\amd64_microsoft.windows.common-controls_6595b64144ccf1df_6.0.17763.107_none_05b63884071e656e;C:\Program Files\Android\Android Studio\jre\bin\server;C:\Users\Tyler\.gradle\native\8bec1ad78214c89d9ad589b4d07fe93259594b29d510b10fafb7a158f7737e5d\windows-amd64;C:\Users\Tyler\.gradle\native\53dbd7edfb1c66fb8903c78663c9afc45aea4f116125fa6feffd364cf09443e8\windows-amd64

VM Arguments:
jvm_args: --add-opens=java.base/java.util=ALL-UNNAMED --add-opens=java.base/java.lang=ALL-UNNAMED --add-opens=java.base/java.lang.invoke=ALL-UNNAMED --add-opens=java.base/java.util=ALL-UNNAMED --add-opens=java.prefs/java.util.prefs=ALL-UNNAMED --add-opens=java.prefs/java.util.prefs=ALL-UNNAMED --add-opens=java.base/java.nio.charset=ALL-UNNAMED --add-opens=java.base/java.net=ALL-UNNAMED --add-opens=java.base/java.util.concurrent.atomic=ALL-UNNAMED -Xmx2048m -Dfile.encoding=UTF-8 -Duser.country=NZ -Duser.language=en -Duser.variant 
java_command: org.gradle.launcher.daemon.bootstrap.GradleDaemon 7.0.2
java_class_path (initial): C:\Users\Tyler\.gradle\wrapper\dists\gradle-7.0.2-bin\857tjihv64xamwrf0h14cai3r\gradle-7.0.2\lib\gradle-launcher-7.0.2.jar
Launcher Type: SUN_STANDARD

[Global flags]
     intx CICompilerCount                          = 4                                         {product} {ergonomic}
     uint ConcGCThreads                            = 2                                         {product} {ergonomic}
     uint G1ConcRefinementThreads                  = 8                                         {product} {ergonomic}
   size_t G1HeapRegionSize                         = 1048576                                   {product} {ergonomic}
    uintx GCDrainStackTargetSize                   = 64                                        {product} {ergonomic}
   size_t InitialHeapSize                          = 266338304                                 {product} {ergonomic}
   size_t MarkStackSize                            = 4194304                                   {product} {ergonomic}
   size_t MaxHeapSize                              = 2147483648                                {product} {command line}
   size_t MaxNewSize                               = 1287651328                                {product} {ergonomic}
   size_t MinHeapDeltaBytes                        = 1048576                                   {product} {ergonomic}
    uintx NonNMethodCodeHeapSize                   = 5836300                                {pd product} {ergonomic}
    uintx NonProfiledCodeHeapSize                  = 122910970                              {pd product} {ergonomic}
    uintx ProfiledCodeHeapSize                     = 122910970                              {pd product} {ergonomic}
    uintx ReservedCodeCacheSize                    = 251658240                              {pd product} {ergonomic}
     bool SegmentedCodeCache                       = true                                      {product} {ergonomic}
     bool UseCompressedClassPointers               = true                                 {lp64_product} {ergonomic}
     bool UseCompressedOops                        = true                                 {lp64_product} {ergonomic}
     bool UseG1GC                                  = true                                      {product} {ergonomic}
     bool UseLargePagesIndividualAllocation        = false                                  {pd product} {ergonomic}

Logging:
Log output configuration:
 #0: stdout all=warning uptime,level,tags
 #1: stderr all=off uptime,level,tags

Environment Variables:
PATH=C:\Program Files (x86)\VMware\VMware Player\bin\;C:\Windows\system32;C:\Windows;C:\Windows\System32\Wbem;C:\Windows\System32\WindowsPowerShell\v1.0\;C:\Windows\System32\OpenSSH\;C:\Program Files\Git\cmd;C:\Program Files\Microsoft VS Code\bin;C:\Program Files\nodejs\;C:\Program Files\MATLAB\R2018a\runtime\win64;C:\Program Files\MATLAB\R2018a\bin;C:\xampp\php;C:\Program Files\dotnet\;C:\Users\Tyler\AppData\Local\Microsoft\WindowsApps;C:\Users\Tyler\AppData\Roaming\npm;C:\Program Files\heroku\bin;C:\Users\Tyler\.dotnet\tools;C:\Program Files\JetBrains\PyCharm 2021.2.3\bin;
USERNAME=Tyler
OS=Windows_NT
PROCESSOR_IDENTIFIER=Intel64 Family 6 Model 94 Stepping 3, GenuineIntel



---------------  S Y S T E M  ---------------

OS: Windows 10 , 64 bit Build 17763 (10.0.17763.1)
OS uptime: 0 days 4:57 hours

CPU:total 8 (initial active 8) (4 cores per cpu, 2 threads per core) family 6 model 94 stepping 3 microcode 0xc6, cmov, cx8, fxsr, mmx, sse, sse2, sse3, ssse3, sse4.1, sse4.2, popcnt, avx, avx2, aes, clmul, erms, rtm, 3dnowpref, lzcnt, ht, tsc, tscinvbit, bmi1, bmi2, adx, fma

Memory: 4k page, system-wide physical 16206M (6693M free)
TotalPageFile size 32590M (AvailPageFile size 21759M)
current process WorkingSet (physical memory assigned to process): 473M, peak: 474M
current process commit charge ("private bytes"): 547M, peak: 548M

vm_info: OpenJDK 64-Bit Server VM (11.0.10+0-b96-7249189) for windows-amd64 JRE (11.0.10+0-b96-7249189), built on Mar 31 2021 21:44:00 by "builder" with MS VC++ 14.0 (VS2015)

END.
